11-Mar-2022 09:47:51.215 경고 [main] org.apache.coyote.http11.Http11Protocol.<init> The HTTP BIO connector has been removed in Tomcat 8.5.x onwards. The HTTP BIO connector configuration has been automatically switched to use the HTTP NIO connector instead.
11-Mar-2022 09:47:51.267 정보 [main] org.apache.catalina.startup.VersionLoggerListener.log Server version:        Apache Tomcat/8.5.37
11-Mar-2022 09:47:51.268 정보 [main] org.apache.catalina.startup.VersionLoggerListener.log Server built:          Dec 12 2018 12:07:02 UTC
11-Mar-2022 09:47:51.269 정보 [main] org.apache.catalina.startup.VersionLoggerListener.log Server number:         8.5.37.0
11-Mar-2022 09:47:51.271 정보 [main] org.apache.catalina.startup.VersionLoggerListener.log OS Name:               Windows 10
11-Mar-2022 09:47:51.272 정보 [main] org.apache.catalina.startup.VersionLoggerListener.log OS Version:            10.0
11-Mar-2022 09:47:51.272 정보 [main] org.apache.catalina.startup.VersionLoggerListener.log Architecture:          amd64
11-Mar-2022 09:47:51.272 정보 [main] org.apache.catalina.startup.VersionLoggerListener.log Java Home:             C:\Program Files\Java\jdk1.8.0_202\jre
11-Mar-2022 09:47:51.272 정보 [main] org.apache.catalina.startup.VersionLoggerListener.log JVM Version:           1.8.0_202-b08
11-Mar-2022 09:47:51.272 정보 [main] org.apache.catalina.startup.VersionLoggerListener.log JVM Vendor:            Oracle Corporation
11-Mar-2022 09:47:51.272 정보 [main] org.apache.catalina.startup.VersionLoggerListener.log CATALINA_BASE:         D:\B_Util\5.ApacheTomcat\apache-tomcat-8.5.37
11-Mar-2022 09:47:51.273 정보 [main] org.apache.catalina.startup.VersionLoggerListener.log CATALINA_HOME:         D:\B_Util\5.ApacheTomcat\apache-tomcat-8.5.37
11-Mar-2022 09:47:51.274 정보 [main] org.apache.catalina.startup.VersionLoggerListener.log Command line argument: -Djava.util.logging.config.file=D:\B_Util\5.ApacheTomcat\apache-tomcat-8.5.37\conf\logging.properties
11-Mar-2022 09:47:51.275 정보 [main] org.apache.catalina.startup.VersionLoggerListener.log Command line argument: -Djava.util.logging.manager=org.apache.juli.ClassLoaderLogManager
11-Mar-2022 09:47:51.275 정보 [main] org.apache.catalina.startup.VersionLoggerListener.log Command line argument: -Djdk.tls.ephemeralDHKeySize=2048
11-Mar-2022 09:47:51.276 정보 [main] org.apache.catalina.startup.VersionLoggerListener.log Command line argument: -Djava.protocol.handler.pkgs=org.apache.catalina.webresources
11-Mar-2022 09:47:51.277 정보 [main] org.apache.catalina.startup.VersionLoggerListener.log Command line argument: -Dignore.endorsed.dirs=
11-Mar-2022 09:47:51.277 정보 [main] org.apache.catalina.startup.VersionLoggerListener.log Command line argument: -Dcatalina.base=D:\B_Util\5.ApacheTomcat\apache-tomcat-8.5.37
11-Mar-2022 09:47:51.278 정보 [main] org.apache.catalina.startup.VersionLoggerListener.log Command line argument: -Dcatalina.home=D:\B_Util\5.ApacheTomcat\apache-tomcat-8.5.37
11-Mar-2022 09:47:51.279 정보 [main] org.apache.catalina.startup.VersionLoggerListener.log Command line argument: -Djava.io.tmpdir=D:\B_Util\5.ApacheTomcat\apache-tomcat-8.5.37\temp
11-Mar-2022 09:47:51.279 정보 [main] org.apache.catalina.core.AprLifecycleListener.lifecycleEvent Loaded APR based Apache Tomcat Native library [1.2.19] using APR version [1.6.5].
11-Mar-2022 09:47:51.280 정보 [main] org.apache.catalina.core.AprLifecycleListener.lifecycleEvent APR capabilities: IPv6 [true], sendfile [true], accept filters [false], random [true].
11-Mar-2022 09:47:51.280 정보 [main] org.apache.catalina.core.AprLifecycleListener.lifecycleEvent APR/OpenSSL configuration: useAprConnector [false], useOpenSSL [true]
11-Mar-2022 09:47:51.326 정보 [main] org.apache.catalina.core.AprLifecycleListener.initializeSSL OpenSSL successfully initialized [OpenSSL 1.1.1a  20 Nov 2018]
11-Mar-2022 09:47:51.532 정보 [main] org.apache.coyote.AbstractProtocol.init Initializing ProtocolHandler ["http-nio-18080"]
11-Mar-2022 09:47:51.679 정보 [main] org.apache.tomcat.util.net.NioSelectorPool.getSharedSelector Using a shared selector for servlet write/read
11-Mar-2022 09:47:51.689 정보 [main] org.apache.coyote.AbstractProtocol.init Initializing ProtocolHandler ["https-openssl-nio-18443"]
11-Mar-2022 09:47:52.046 정보 [main] org.apache.tomcat.util.net.NioSelectorPool.getSharedSelector Using a shared selector for servlet write/read
11-Mar-2022 09:47:52.049 정보 [main] org.apache.coyote.AbstractProtocol.init Initializing ProtocolHandler ["ajp-nio-18009"]
11-Mar-2022 09:47:52.051 정보 [main] org.apache.tomcat.util.net.NioSelectorPool.getSharedSelector Using a shared selector for servlet write/read
11-Mar-2022 09:47:52.052 정보 [main] org.apache.catalina.startup.Catalina.load Initialization processed in 1285 ms
11-Mar-2022 09:47:52.078 정보 [main] org.apache.catalina.core.StandardService.startInternal Starting service [Catalina]
11-Mar-2022 09:47:52.079 정보 [main] org.apache.catalina.core.StandardEngine.startInternal Starting Servlet Engine: Apache Tomcat/8.5.37
11-Mar-2022 09:47:52.152 정보 [localhost-startStop-1] org.apache.catalina.startup.HostConfig.deployWAR Deploying web application archive [D:\B_Util\5.ApacheTomcat\apache-tomcat-8.5.37\webapps\MeetingStatus.war]
11-Mar-2022 09:47:54.820 정보 [localhost-startStop-1] org.apache.jasper.servlet.TldScanner.scanJars At least one JAR was scanned for TLDs yet contained no TLDs. Enable debug logging for this logger for a complete list of JARs that were scanned but no TLDs were found in them. Skipping unneeded JARs during scanning can improve startup time and JSP compilation time.
11-Mar-2022 09:47:57.002 정보 [localhost-startStop-1] org.apache.catalina.startup.HostConfig.deployWAR Deployment of web application archive [D:\B_Util\5.ApacheTomcat\apache-tomcat-8.5.37\webapps\MeetingStatus.war] has finished in [4,849] ms
11-Mar-2022 09:47:57.004 정보 [localhost-startStop-1] org.apache.catalina.startup.HostConfig.deployDirectory Deploying web application directory [D:\B_Util\5.ApacheTomcat\apache-tomcat-8.5.37\webapps\docs]
11-Mar-2022 09:47:57.372 정보 [localhost-startStop-1] org.apache.jasper.servlet.TldScanner.scanJars At least one JAR was scanned for TLDs yet contained no TLDs. Enable debug logging for this logger for a complete list of JARs that were scanned but no TLDs were found in them. Skipping unneeded JARs during scanning can improve startup time and JSP compilation time.
11-Mar-2022 09:47:57.374 정보 [localhost-startStop-1] org.apache.catalina.startup.HostConfig.deployDirectory Deployment of web application directory [D:\B_Util\5.ApacheTomcat\apache-tomcat-8.5.37\webapps\docs] has finished in [370] ms
11-Mar-2022 09:47:57.375 정보 [localhost-startStop-1] org.apache.catalina.startup.HostConfig.deployDirectory Deploying web application directory [D:\B_Util\5.ApacheTomcat\apache-tomcat-8.5.37\webapps\examples]
11-Mar-2022 09:47:58.380 정보 [localhost-startStop-1] org.apache.jasper.servlet.TldScanner.scanJars At least one JAR was scanned for TLDs yet contained no TLDs. Enable debug logging for this logger for a complete list of JARs that were scanned but no TLDs were found in them. Skipping unneeded JARs during scanning can improve startup time and JSP compilation time.
11-Mar-2022 09:47:58.415 정보 [localhost-startStop-1] org.apache.catalina.startup.HostConfig.deployDirectory Deployment of web application directory [D:\B_Util\5.ApacheTomcat\apache-tomcat-8.5.37\webapps\examples] has finished in [1,040] ms
11-Mar-2022 09:47:58.417 정보 [localhost-startStop-1] org.apache.catalina.startup.HostConfig.deployDirectory Deploying web application directory [D:\B_Util\5.ApacheTomcat\apache-tomcat-8.5.37\webapps\first]
11-Mar-2022 09:47:58.738 정보 [localhost-startStop-1] org.apache.jasper.servlet.TldScanner.scanJars At least one JAR was scanned for TLDs yet contained no TLDs. Enable debug logging for this logger for a complete list of JARs that were scanned but no TLDs were found in them. Skipping unneeded JARs during scanning can improve startup time and JSP compilation time.
11-Mar-2022 09:47:58.740 정보 [localhost-startStop-1] org.apache.catalina.startup.HostConfig.deployDirectory Deployment of web application directory [D:\B_Util\5.ApacheTomcat\apache-tomcat-8.5.37\webapps\first] has finished in [323] ms
11-Mar-2022 09:47:58.741 정보 [localhost-startStop-1] org.apache.catalina.startup.HostConfig.deployDirectory Deploying web application directory [D:\B_Util\5.ApacheTomcat\apache-tomcat-8.5.37\webapps\host-manager]
11-Mar-2022 09:47:59.089 정보 [localhost-startStop-1] org.apache.jasper.servlet.TldScanner.scanJars At least one JAR was scanned for TLDs yet contained no TLDs. Enable debug logging for this logger for a complete list of JARs that were scanned but no TLDs were found in them. Skipping unneeded JARs during scanning can improve startup time and JSP compilation time.
11-Mar-2022 09:47:59.093 정보 [localhost-startStop-1] org.apache.catalina.startup.HostConfig.deployDirectory Deployment of web application directory [D:\B_Util\5.ApacheTomcat\apache-tomcat-8.5.37\webapps\host-manager] has finished in [352] ms
11-Mar-2022 09:47:59.095 정보 [localhost-startStop-1] org.apache.catalina.startup.HostConfig.deployDirectory Deploying web application directory [D:\B_Util\5.ApacheTomcat\apache-tomcat-8.5.37\webapps\manager]
11-Mar-2022 09:47:59.382 정보 [localhost-startStop-1] org.apache.jasper.servlet.TldScanner.scanJars At least one JAR was scanned for TLDs yet contained no TLDs. Enable debug logging for this logger for a complete list of JARs that were scanned but no TLDs were found in them. Skipping unneeded JARs during scanning can improve startup time and JSP compilation time.
11-Mar-2022 09:47:59.384 정보 [localhost-startStop-1] org.apache.catalina.startup.HostConfig.deployDirectory Deployment of web application directory [D:\B_Util\5.ApacheTomcat\apache-tomcat-8.5.37\webapps\manager] has finished in [289] ms
11-Mar-2022 09:47:59.385 정보 [localhost-startStop-1] org.apache.catalina.startup.HostConfig.deployDirectory Deploying web application directory [D:\B_Util\5.ApacheTomcat\apache-tomcat-8.5.37\webapps\ROOT]
11-Mar-2022 09:47:59.665 정보 [localhost-startStop-1] org.apache.jasper.servlet.TldScanner.scanJars At least one JAR was scanned for TLDs yet contained no TLDs. Enable debug logging for this logger for a complete list of JARs that were scanned but no TLDs were found in them. Skipping unneeded JARs during scanning can improve startup time and JSP compilation time.
11-Mar-2022 09:47:59.667 정보 [localhost-startStop-1] org.apache.catalina.startup.HostConfig.deployDirectory Deployment of web application directory [D:\B_Util\5.ApacheTomcat\apache-tomcat-8.5.37\webapps\ROOT] has finished in [282] ms
11-Mar-2022 09:47:59.673 정보 [main] org.apache.coyote.AbstractProtocol.start Starting ProtocolHandler ["http-nio-18080"]
11-Mar-2022 09:47:59.684 정보 [main] org.apache.coyote.AbstractProtocol.start Starting ProtocolHandler ["https-openssl-nio-18443"]
11-Mar-2022 09:47:59.686 정보 [main] org.apache.coyote.AbstractProtocol.start Starting ProtocolHandler ["ajp-nio-18009"]
11-Mar-2022 09:47:59.690 정보 [main] org.apache.catalina.startup.Catalina.start Server startup in 7637 ms
