18-Nov-2021 10:27:06.228 정보 [main] org.apache.catalina.startup.VersionLoggerListener.log Server version:        Apache Tomcat/8.5.37
18-Nov-2021 10:27:06.232 정보 [main] org.apache.catalina.startup.VersionLoggerListener.log Server built:          Dec 12 2018 12:07:02 UTC
18-Nov-2021 10:27:06.233 정보 [main] org.apache.catalina.startup.VersionLoggerListener.log Server number:         8.5.37.0
18-Nov-2021 10:27:06.233 정보 [main] org.apache.catalina.startup.VersionLoggerListener.log OS Name:               Windows 10
18-Nov-2021 10:27:06.233 정보 [main] org.apache.catalina.startup.VersionLoggerListener.log OS Version:            10.0
18-Nov-2021 10:27:06.235 정보 [main] org.apache.catalina.startup.VersionLoggerListener.log Architecture:          amd64
18-Nov-2021 10:27:06.236 정보 [main] org.apache.catalina.startup.VersionLoggerListener.log Java Home:             C:\Program Files\Java\jdk1.8.0_202\jre
18-Nov-2021 10:27:06.236 정보 [main] org.apache.catalina.startup.VersionLoggerListener.log JVM Version:           1.8.0_202-b08
18-Nov-2021 10:27:06.236 정보 [main] org.apache.catalina.startup.VersionLoggerListener.log JVM Vendor:            Oracle Corporation
18-Nov-2021 10:27:06.236 정보 [main] org.apache.catalina.startup.VersionLoggerListener.log CATALINA_BASE:         D:\B_Util\5.ApacheTomcat\apache-tomcat-8.5.37
18-Nov-2021 10:27:06.237 정보 [main] org.apache.catalina.startup.VersionLoggerListener.log CATALINA_HOME:         D:\B_Util\5.ApacheTomcat\apache-tomcat-8.5.37
18-Nov-2021 10:27:06.237 정보 [main] org.apache.catalina.startup.VersionLoggerListener.log Command line argument: -Djava.util.logging.config.file=D:\B_Util\5.ApacheTomcat\apache-tomcat-8.5.37\conf\logging.properties
18-Nov-2021 10:27:06.238 정보 [main] org.apache.catalina.startup.VersionLoggerListener.log Command line argument: -Djava.util.logging.manager=org.apache.juli.ClassLoaderLogManager
18-Nov-2021 10:27:06.239 정보 [main] org.apache.catalina.startup.VersionLoggerListener.log Command line argument: -Djdk.tls.ephemeralDHKeySize=2048
18-Nov-2021 10:27:06.240 정보 [main] org.apache.catalina.startup.VersionLoggerListener.log Command line argument: -Djava.protocol.handler.pkgs=org.apache.catalina.webresources
18-Nov-2021 10:27:06.241 정보 [main] org.apache.catalina.startup.VersionLoggerListener.log Command line argument: -Dignore.endorsed.dirs=
18-Nov-2021 10:27:06.241 정보 [main] org.apache.catalina.startup.VersionLoggerListener.log Command line argument: -Dcatalina.base=D:\B_Util\5.ApacheTomcat\apache-tomcat-8.5.37
18-Nov-2021 10:27:06.242 정보 [main] org.apache.catalina.startup.VersionLoggerListener.log Command line argument: -Dcatalina.home=D:\B_Util\5.ApacheTomcat\apache-tomcat-8.5.37
18-Nov-2021 10:27:06.243 정보 [main] org.apache.catalina.startup.VersionLoggerListener.log Command line argument: -Djava.io.tmpdir=D:\B_Util\5.ApacheTomcat\apache-tomcat-8.5.37\temp
18-Nov-2021 10:27:06.243 정보 [main] org.apache.catalina.core.AprLifecycleListener.lifecycleEvent Loaded APR based Apache Tomcat Native library [1.2.19] using APR version [1.6.5].
18-Nov-2021 10:27:06.244 정보 [main] org.apache.catalina.core.AprLifecycleListener.lifecycleEvent APR capabilities: IPv6 [true], sendfile [true], accept filters [false], random [true].
18-Nov-2021 10:27:06.244 정보 [main] org.apache.catalina.core.AprLifecycleListener.lifecycleEvent APR/OpenSSL configuration: useAprConnector [false], useOpenSSL [true]
18-Nov-2021 10:27:06.249 정보 [main] org.apache.catalina.core.AprLifecycleListener.initializeSSL OpenSSL successfully initialized [OpenSSL 1.1.1a  20 Nov 2018]
18-Nov-2021 10:27:06.362 정보 [main] org.apache.coyote.AbstractProtocol.init Initializing ProtocolHandler ["http-nio-80"]
18-Nov-2021 10:27:06.480 정보 [main] org.apache.tomcat.util.net.NioSelectorPool.getSharedSelector Using a shared selector for servlet write/read
18-Nov-2021 10:27:06.487 정보 [main] org.apache.coyote.AbstractProtocol.init Initializing ProtocolHandler ["ajp-nio-8009"]
18-Nov-2021 10:27:06.489 정보 [main] org.apache.tomcat.util.net.NioSelectorPool.getSharedSelector Using a shared selector for servlet write/read
18-Nov-2021 10:27:06.490 정보 [main] org.apache.catalina.startup.Catalina.load Initialization processed in 573 ms
18-Nov-2021 10:27:06.508 정보 [main] org.apache.catalina.core.StandardService.startInternal Starting service [Catalina]
18-Nov-2021 10:27:06.509 정보 [main] org.apache.catalina.core.StandardEngine.startInternal Starting Servlet Engine: Apache Tomcat/8.5.37
18-Nov-2021 10:27:06.517 정보 [localhost-startStop-1] org.apache.catalina.startup.HostConfig.deployDirectory Deploying web application directory [D:\B_Util\5.ApacheTomcat\apache-tomcat-8.5.37\webapps\docs]
18-Nov-2021 10:27:06.949 정보 [localhost-startStop-1] org.apache.jasper.servlet.TldScanner.scanJars At least one JAR was scanned for TLDs yet contained no TLDs. Enable debug logging for this logger for a complete list of JARs that were scanned but no TLDs were found in them. Skipping unneeded JARs during scanning can improve startup time and JSP compilation time.
18-Nov-2021 10:27:06.980 정보 [localhost-startStop-1] org.apache.catalina.startup.HostConfig.deployDirectory Deployment of web application directory [D:\B_Util\5.ApacheTomcat\apache-tomcat-8.5.37\webapps\docs] has finished in [462] ms
18-Nov-2021 10:27:06.981 정보 [localhost-startStop-1] org.apache.catalina.startup.HostConfig.deployDirectory Deploying web application directory [D:\B_Util\5.ApacheTomcat\apache-tomcat-8.5.37\webapps\examples]
18-Nov-2021 10:27:07.513 정보 [localhost-startStop-1] org.apache.jasper.servlet.TldScanner.scanJars At least one JAR was scanned for TLDs yet contained no TLDs. Enable debug logging for this logger for a complete list of JARs that were scanned but no TLDs were found in them. Skipping unneeded JARs during scanning can improve startup time and JSP compilation time.
18-Nov-2021 10:27:07.557 정보 [localhost-startStop-1] org.apache.catalina.startup.HostConfig.deployDirectory Deployment of web application directory [D:\B_Util\5.ApacheTomcat\apache-tomcat-8.5.37\webapps\examples] has finished in [576] ms
18-Nov-2021 10:27:07.559 정보 [localhost-startStop-1] org.apache.catalina.startup.HostConfig.deployDirectory Deploying web application directory [D:\B_Util\5.ApacheTomcat\apache-tomcat-8.5.37\webapps\host-manager]
18-Nov-2021 10:27:07.762 정보 [localhost-startStop-1] org.apache.jasper.servlet.TldScanner.scanJars At least one JAR was scanned for TLDs yet contained no TLDs. Enable debug logging for this logger for a complete list of JARs that were scanned but no TLDs were found in them. Skipping unneeded JARs during scanning can improve startup time and JSP compilation time.
18-Nov-2021 10:27:07.766 정보 [localhost-startStop-1] org.apache.catalina.startup.HostConfig.deployDirectory Deployment of web application directory [D:\B_Util\5.ApacheTomcat\apache-tomcat-8.5.37\webapps\host-manager] has finished in [208] ms
18-Nov-2021 10:27:07.767 정보 [localhost-startStop-1] org.apache.catalina.startup.HostConfig.deployDirectory Deploying web application directory [D:\B_Util\5.ApacheTomcat\apache-tomcat-8.5.37\webapps\manager]
18-Nov-2021 10:27:07.989 정보 [localhost-startStop-1] org.apache.jasper.servlet.TldScanner.scanJars At least one JAR was scanned for TLDs yet contained no TLDs. Enable debug logging for this logger for a complete list of JARs that were scanned but no TLDs were found in them. Skipping unneeded JARs during scanning can improve startup time and JSP compilation time.
18-Nov-2021 10:27:07.992 정보 [localhost-startStop-1] org.apache.catalina.startup.HostConfig.deployDirectory Deployment of web application directory [D:\B_Util\5.ApacheTomcat\apache-tomcat-8.5.37\webapps\manager] has finished in [225] ms
18-Nov-2021 10:27:07.992 정보 [localhost-startStop-1] org.apache.catalina.startup.HostConfig.deployDirectory Deploying web application directory [D:\B_Util\5.ApacheTomcat\apache-tomcat-8.5.37\webapps\ROOT]
18-Nov-2021 10:27:08.189 정보 [localhost-startStop-1] org.apache.jasper.servlet.TldScanner.scanJars At least one JAR was scanned for TLDs yet contained no TLDs. Enable debug logging for this logger for a complete list of JARs that were scanned but no TLDs were found in them. Skipping unneeded JARs during scanning can improve startup time and JSP compilation time.
18-Nov-2021 10:27:08.192 정보 [localhost-startStop-1] org.apache.catalina.startup.HostConfig.deployDirectory Deployment of web application directory [D:\B_Util\5.ApacheTomcat\apache-tomcat-8.5.37\webapps\ROOT] has finished in [200] ms
18-Nov-2021 10:27:08.194 정보 [main] org.apache.coyote.AbstractProtocol.start Starting ProtocolHandler ["http-nio-80"]
18-Nov-2021 10:27:08.205 정보 [main] org.apache.coyote.AbstractProtocol.start Starting ProtocolHandler ["ajp-nio-8009"]
18-Nov-2021 10:27:08.208 정보 [main] org.apache.catalina.startup.Catalina.start Server startup in 1717 ms
18-Nov-2021 10:41:59.087 정보 [localhost-startStop-2] org.apache.catalina.startup.HostConfig.deployDirectory Deploying web application directory [D:\B_Util\5.ApacheTomcat\apache-tomcat-8.5.37\webapps\새 폴더]
18-Nov-2021 10:41:59.334 정보 [localhost-startStop-2] org.apache.jasper.servlet.TldScanner.scanJars At least one JAR was scanned for TLDs yet contained no TLDs. Enable debug logging for this logger for a complete list of JARs that were scanned but no TLDs were found in them. Skipping unneeded JARs during scanning can improve startup time and JSP compilation time.
18-Nov-2021 10:41:59.339 정보 [localhost-startStop-2] org.apache.catalina.startup.HostConfig.deployDirectory Deployment of web application directory [D:\B_Util\5.ApacheTomcat\apache-tomcat-8.5.37\webapps\새 폴더] has finished in [252] ms
18-Nov-2021 10:42:09.862 정보 [ContainerBackgroundProcessor[StandardEngine[Catalina]]] org.apache.catalina.startup.HostConfig.undeploy Undeploying context [/새 폴더]
18-Nov-2021 10:42:09.926 정보 [localhost-startStop-3] org.apache.catalina.startup.HostConfig.deployDirectory Deploying web application directory [D:\B_Util\5.ApacheTomcat\apache-tomcat-8.5.37\webapps\first]
18-Nov-2021 10:42:10.106 정보 [localhost-startStop-3] org.apache.jasper.servlet.TldScanner.scanJars At least one JAR was scanned for TLDs yet contained no TLDs. Enable debug logging for this logger for a complete list of JARs that were scanned but no TLDs were found in them. Skipping unneeded JARs during scanning can improve startup time and JSP compilation time.
18-Nov-2021 10:42:10.109 정보 [localhost-startStop-3] org.apache.catalina.startup.HostConfig.deployDirectory Deployment of web application directory [D:\B_Util\5.ApacheTomcat\apache-tomcat-8.5.37\webapps\first] has finished in [183] ms
18-Nov-2021 12:08:56.112 정보 [ContainerBackgroundProcessor[StandardEngine[Catalina]]] org.apache.catalina.startup.HostConfig.reload Reloading context [/first]
18-Nov-2021 12:08:56.124 정보 [ContainerBackgroundProcessor[StandardEngine[Catalina]]] org.apache.catalina.core.StandardContext.reload Reloading Context with name [/first] has started
18-Nov-2021 12:08:56.342 경고 [ContainerBackgroundProcessor[StandardEngine[Catalina]]] org.apache.jasper.servlet.TldScanner.scanJspConfig Failed to process TLD with path [/WEB-INF/jsp/debug-taglib.tld] and URI [http://tomcat.apache.org/debug-taglib]. The specified path does not exist.
18-Nov-2021 12:08:56.342 경고 [ContainerBackgroundProcessor[StandardEngine[Catalina]]] org.apache.jasper.servlet.TldScanner.scanJspConfig Failed to process TLD with path [/WEB-INF/jsp2/jsp2-example-taglib.tld] and URI [http://tomcat.apache.org/jsp2-example-taglib]. The specified path does not exist.
18-Nov-2021 12:08:56.342 경고 [ContainerBackgroundProcessor[StandardEngine[Catalina]]] org.apache.jasper.servlet.TldScanner.scanJspConfig Failed to process TLD with path [/WEB-INF/jsp/example-taglib.tld] and URI [http://tomcat.apache.org/example-taglib]. The specified path does not exist.
18-Nov-2021 12:08:56.342 정보 [ContainerBackgroundProcessor[StandardEngine[Catalina]]] org.apache.jasper.servlet.TldScanner.scanJars At least one JAR was scanned for TLDs yet contained no TLDs. Enable debug logging for this logger for a complete list of JARs that were scanned but no TLDs were found in them. Skipping unneeded JARs during scanning can improve startup time and JSP compilation time.
18-Nov-2021 12:08:56.358 심각 [ContainerBackgroundProcessor[StandardEngine[Catalina]]] org.apache.catalina.core.StandardContext.startInternal One or more listeners failed to start. Full details will be found in the appropriate container log file
18-Nov-2021 12:08:56.358 심각 [ContainerBackgroundProcessor[StandardEngine[Catalina]]] org.apache.catalina.core.StandardContext.startInternal Context [/first] startup failed due to previous errors
18-Nov-2021 12:08:56.358 정보 [ContainerBackgroundProcessor[StandardEngine[Catalina]]] org.apache.catalina.core.StandardContext.reload Reloading Context with name [/first] is completed
18-Nov-2021 12:12:46.591 정보 [ContainerBackgroundProcessor[StandardEngine[Catalina]]] org.apache.catalina.startup.HostConfig.reload Reloading context [/first]
18-Nov-2021 12:12:46.591 심각 [ContainerBackgroundProcessor[StandardEngine[Catalina]]] org.apache.tomcat.util.digester.Digester.endElement End event threw exception
 java.lang.reflect.InvocationTargetException
	at sun.reflect.GeneratedMethodAccessor20.invoke(Unknown Source)
	at sun.reflect.DelegatingMethodAccessorImpl.invoke(DelegatingMethodAccessorImpl.java:43)
	at java.lang.reflect.Method.invoke(Method.java:498)
	at org.apache.tomcat.util.IntrospectionUtils.callMethodN(IntrospectionUtils.java:395)
	at org.apache.tomcat.util.digester.CallMethodRule.end(CallMethodRule.java:427)
	at org.apache.tomcat.util.digester.Digester.endElement(Digester.java:1017)
	at com.sun.org.apache.xerces.internal.parsers.AbstractSAXParser.endElement(AbstractSAXParser.java:609)
	at com.sun.org.apache.xerces.internal.impl.XMLDocumentFragmentScannerImpl.scanEndElement(XMLDocumentFragmentScannerImpl.java:1782)
	at com.sun.org.apache.xerces.internal.impl.XMLDocumentFragmentScannerImpl$FragmentContentDriver.next(XMLDocumentFragmentScannerImpl.java:2967)
	at com.sun.org.apache.xerces.internal.impl.XMLDocumentScannerImpl.next(XMLDocumentScannerImpl.java:602)
	at com.sun.org.apache.xerces.internal.impl.XMLDocumentFragmentScannerImpl.scanDocument(XMLDocumentFragmentScannerImpl.java:505)
	at com.sun.org.apache.xerces.internal.parsers.XML11Configuration.parse(XML11Configuration.java:842)
	at com.sun.org.apache.xerces.internal.parsers.XML11Configuration.parse(XML11Configuration.java:771)
	at com.sun.org.apache.xerces.internal.parsers.XMLParser.parse(XMLParser.java:141)
	at com.sun.org.apache.xerces.internal.parsers.AbstractSAXParser.parse(AbstractSAXParser.java:1213)
	at com.sun.org.apache.xerces.internal.jaxp.SAXParserImpl$JAXPSAXParser.parse(SAXParserImpl.java:643)
	at org.apache.tomcat.util.digester.Digester.parse(Digester.java:1518)
	at org.apache.tomcat.util.descriptor.web.WebXmlParser.parseWebXml(WebXmlParser.java:119)
	at org.apache.catalina.startup.ContextConfig.webConfig(ContextConfig.java:1108)
	at org.apache.catalina.startup.ContextConfig.configureStart(ContextConfig.java:769)
	at org.apache.catalina.startup.ContextConfig.lifecycleEvent(ContextConfig.java:299)
	at org.apache.catalina.util.LifecycleBase.fireLifecycleEvent(LifecycleBase.java:94)
	at org.apache.catalina.core.StandardContext.startInternal(StandardContext.java:5176)
	at org.apache.catalina.util.LifecycleBase.start(LifecycleBase.java:150)
	at org.apache.catalina.startup.HostConfig.reload(HostConfig.java:1419)
	at org.apache.catalina.startup.HostConfig.checkResources(HostConfig.java:1383)
	at org.apache.catalina.startup.HostConfig.check(HostConfig.java:1619)
	at org.apache.catalina.startup.HostConfig.lifecycleEvent(HostConfig.java:314)
	at org.apache.catalina.util.LifecycleBase.fireLifecycleEvent(LifecycleBase.java:94)
	at org.apache.catalina.core.ContainerBase.backgroundProcess(ContainerBase.java:1170)
	at org.apache.catalina.core.ContainerBase$ContainerBackgroundProcessor.processChildren(ContainerBase.java:1392)
	at org.apache.catalina.core.ContainerBase$ContainerBackgroundProcessor.processChildren(ContainerBase.java:1396)
	at org.apache.catalina.core.ContainerBase$ContainerBackgroundProcessor.run(ContainerBase.java:1364)
	at java.lang.Thread.run(Thread.java:748)
Caused by: java.lang.IllegalArgumentException: Invalid <servlet-name> [] in servlet definition.
	at org.apache.tomcat.util.descriptor.web.ServletDef.setServletName(ServletDef.java:110)
	... 34 more

18-Nov-2021 12:12:46.591 심각 [ContainerBackgroundProcessor[StandardEngine[Catalina]]] org.apache.tomcat.util.descriptor.web.WebXmlParser.parseWebXml Parse error in application web.xml file at [file:/D:/B_Util/5.ApacheTomcat/apache-tomcat-8.5.37/webapps/first/WEB-INF/web.xml]
 org.xml.sax.SAXParseException; systemId: file:/D:/B_Util/5.ApacheTomcat/apache-tomcat-8.5.37/webapps/first/WEB-INF/web.xml; lineNumber: 27; columnNumber: 36; Error at (27, 36) : Invalid <servlet-name> [] in servlet definition.
	at org.apache.tomcat.util.digester.Digester.createSAXException(Digester.java:1968)
	at org.apache.tomcat.util.digester.Digester.createSAXException(Digester.java:2000)
	at org.apache.tomcat.util.digester.Digester.endElement(Digester.java:1020)
	at com.sun.org.apache.xerces.internal.parsers.AbstractSAXParser.endElement(AbstractSAXParser.java:609)
	at com.sun.org.apache.xerces.internal.impl.XMLDocumentFragmentScannerImpl.scanEndElement(XMLDocumentFragmentScannerImpl.java:1782)
	at com.sun.org.apache.xerces.internal.impl.XMLDocumentFragmentScannerImpl$FragmentContentDriver.next(XMLDocumentFragmentScannerImpl.java:2967)
	at com.sun.org.apache.xerces.internal.impl.XMLDocumentScannerImpl.next(XMLDocumentScannerImpl.java:602)
	at com.sun.org.apache.xerces.internal.impl.XMLDocumentFragmentScannerImpl.scanDocument(XMLDocumentFragmentScannerImpl.java:505)
	at com.sun.org.apache.xerces.internal.parsers.XML11Configuration.parse(XML11Configuration.java:842)
	at com.sun.org.apache.xerces.internal.parsers.XML11Configuration.parse(XML11Configuration.java:771)
	at com.sun.org.apache.xerces.internal.parsers.XMLParser.parse(XMLParser.java:141)
	at com.sun.org.apache.xerces.internal.parsers.AbstractSAXParser.parse(AbstractSAXParser.java:1213)
	at com.sun.org.apache.xerces.internal.jaxp.SAXParserImpl$JAXPSAXParser.parse(SAXParserImpl.java:643)
	at org.apache.tomcat.util.digester.Digester.parse(Digester.java:1518)
	at org.apache.tomcat.util.descriptor.web.WebXmlParser.parseWebXml(WebXmlParser.java:119)
	at org.apache.catalina.startup.ContextConfig.webConfig(ContextConfig.java:1108)
	at org.apache.catalina.startup.ContextConfig.configureStart(ContextConfig.java:769)
	at org.apache.catalina.startup.ContextConfig.lifecycleEvent(ContextConfig.java:299)
	at org.apache.catalina.util.LifecycleBase.fireLifecycleEvent(LifecycleBase.java:94)
	at org.apache.catalina.core.StandardContext.startInternal(StandardContext.java:5176)
	at org.apache.catalina.util.LifecycleBase.start(LifecycleBase.java:150)
	at org.apache.catalina.startup.HostConfig.reload(HostConfig.java:1419)
	at org.apache.catalina.startup.HostConfig.checkResources(HostConfig.java:1383)
	at org.apache.catalina.startup.HostConfig.check(HostConfig.java:1619)
	at org.apache.catalina.startup.HostConfig.lifecycleEvent(HostConfig.java:314)
	at org.apache.catalina.util.LifecycleBase.fireLifecycleEvent(LifecycleBase.java:94)
	at org.apache.catalina.core.ContainerBase.backgroundProcess(ContainerBase.java:1170)
	at org.apache.catalina.core.ContainerBase$ContainerBackgroundProcessor.processChildren(ContainerBase.java:1392)
	at org.apache.catalina.core.ContainerBase$ContainerBackgroundProcessor.processChildren(ContainerBase.java:1396)
	at org.apache.catalina.core.ContainerBase$ContainerBackgroundProcessor.run(ContainerBase.java:1364)
	at java.lang.Thread.run(Thread.java:748)
Caused by: java.lang.IllegalArgumentException: Invalid <servlet-name> [] in servlet definition.
	at org.apache.tomcat.util.descriptor.web.ServletDef.setServletName(ServletDef.java:110)
	at sun.reflect.GeneratedMethodAccessor20.invoke(Unknown Source)
	at sun.reflect.DelegatingMethodAccessorImpl.invoke(DelegatingMethodAccessorImpl.java:43)
	at java.lang.reflect.Method.invoke(Method.java:498)
	at org.apache.tomcat.util.IntrospectionUtils.callMethodN(IntrospectionUtils.java:395)
	at org.apache.tomcat.util.digester.CallMethodRule.end(CallMethodRule.java:427)
	at org.apache.tomcat.util.digester.Digester.endElement(Digester.java:1017)
	... 28 more

18-Nov-2021 12:12:46.591 심각 [ContainerBackgroundProcessor[StandardEngine[Catalina]]] org.apache.tomcat.util.descriptor.web.WebXmlParser.parseWebXml Occurred at line [27] column [36]
18-Nov-2021 12:12:46.591 심각 [ContainerBackgroundProcessor[StandardEngine[Catalina]]] org.apache.catalina.startup.ContextConfig.configureStart Marking this application unavailable due to previous error(s)
18-Nov-2021 12:12:46.591 심각 [ContainerBackgroundProcessor[StandardEngine[Catalina]]] org.apache.catalina.core.StandardContext.startInternal One or more components marked the context as not correctly configured
18-Nov-2021 12:12:46.607 심각 [ContainerBackgroundProcessor[StandardEngine[Catalina]]] org.apache.catalina.core.StandardContext.startInternal Context [/first] startup failed due to previous errors
18-Nov-2021 12:15:56.834 정보 [ContainerBackgroundProcessor[StandardEngine[Catalina]]] org.apache.catalina.startup.HostConfig.reload Reloading context [/first]
18-Nov-2021 12:15:56.990 정보 [ContainerBackgroundProcessor[StandardEngine[Catalina]]] org.apache.jasper.servlet.TldScanner.scanJars At least one JAR was scanned for TLDs yet contained no TLDs. Enable debug logging for this logger for a complete list of JARs that were scanned but no TLDs were found in them. Skipping unneeded JARs during scanning can improve startup time and JSP compilation time.
18-Nov-2021 12:23:34.129 정보 [main] org.apache.catalina.core.StandardServer.await A valid shutdown command was received via the shutdown port. Stopping the Server instance.
18-Nov-2021 12:23:34.129 정보 [main] org.apache.coyote.AbstractProtocol.pause Pausing ProtocolHandler ["http-nio-80"]
18-Nov-2021 12:23:34.201 정보 [main] org.apache.coyote.AbstractProtocol.pause Pausing ProtocolHandler ["ajp-nio-8009"]
18-Nov-2021 12:23:34.269 정보 [main] org.apache.catalina.core.StandardService.stopInternal Stopping service [Catalina]
18-Nov-2021 12:23:34.269 정보 [main] org.apache.coyote.AbstractProtocol.stop Stopping ProtocolHandler ["http-nio-80"]
18-Nov-2021 12:23:34.285 정보 [main] org.apache.coyote.AbstractProtocol.stop Stopping ProtocolHandler ["ajp-nio-8009"]
18-Nov-2021 12:23:34.285 정보 [main] org.apache.coyote.AbstractProtocol.destroy Destroying ProtocolHandler ["http-nio-80"]
18-Nov-2021 12:23:34.285 정보 [main] org.apache.coyote.AbstractProtocol.destroy Destroying ProtocolHandler ["ajp-nio-8009"]
18-Nov-2021 12:23:49.845 정보 [main] org.apache.catalina.startup.VersionLoggerListener.log Server version:        Apache Tomcat/8.5.37
18-Nov-2021 12:23:49.845 정보 [main] org.apache.catalina.startup.VersionLoggerListener.log Server built:          Dec 12 2018 12:07:02 UTC
18-Nov-2021 12:23:49.845 정보 [main] org.apache.catalina.startup.VersionLoggerListener.log Server number:         8.5.37.0
18-Nov-2021 12:23:49.845 정보 [main] org.apache.catalina.startup.VersionLoggerListener.log OS Name:               Windows 10
18-Nov-2021 12:23:49.845 정보 [main] org.apache.catalina.startup.VersionLoggerListener.log OS Version:            10.0
18-Nov-2021 12:23:49.845 정보 [main] org.apache.catalina.startup.VersionLoggerListener.log Architecture:          amd64
18-Nov-2021 12:23:49.845 정보 [main] org.apache.catalina.startup.VersionLoggerListener.log Java Home:             C:\Program Files\Java\jdk1.8.0_202\jre
18-Nov-2021 12:23:49.845 정보 [main] org.apache.catalina.startup.VersionLoggerListener.log JVM Version:           1.8.0_202-b08
18-Nov-2021 12:23:49.845 정보 [main] org.apache.catalina.startup.VersionLoggerListener.log JVM Vendor:            Oracle Corporation
18-Nov-2021 12:23:49.845 정보 [main] org.apache.catalina.startup.VersionLoggerListener.log CATALINA_BASE:         D:\B_Util\5.ApacheTomcat\apache-tomcat-8.5.37
18-Nov-2021 12:23:49.845 정보 [main] org.apache.catalina.startup.VersionLoggerListener.log CATALINA_HOME:         D:\B_Util\5.ApacheTomcat\apache-tomcat-8.5.37
18-Nov-2021 12:23:49.845 정보 [main] org.apache.catalina.startup.VersionLoggerListener.log Command line argument: -Djava.util.logging.config.file=D:\B_Util\5.ApacheTomcat\apache-tomcat-8.5.37\conf\logging.properties
18-Nov-2021 12:23:49.845 정보 [main] org.apache.catalina.startup.VersionLoggerListener.log Command line argument: -Djava.util.logging.manager=org.apache.juli.ClassLoaderLogManager
18-Nov-2021 12:23:49.845 정보 [main] org.apache.catalina.startup.VersionLoggerListener.log Command line argument: -Djdk.tls.ephemeralDHKeySize=2048
18-Nov-2021 12:23:49.845 정보 [main] org.apache.catalina.startup.VersionLoggerListener.log Command line argument: -Djava.protocol.handler.pkgs=org.apache.catalina.webresources
18-Nov-2021 12:23:49.845 정보 [main] org.apache.catalina.startup.VersionLoggerListener.log Command line argument: -Dignore.endorsed.dirs=
18-Nov-2021 12:23:49.845 정보 [main] org.apache.catalina.startup.VersionLoggerListener.log Command line argument: -Dcatalina.base=D:\B_Util\5.ApacheTomcat\apache-tomcat-8.5.37
18-Nov-2021 12:23:49.845 정보 [main] org.apache.catalina.startup.VersionLoggerListener.log Command line argument: -Dcatalina.home=D:\B_Util\5.ApacheTomcat\apache-tomcat-8.5.37
18-Nov-2021 12:23:49.845 정보 [main] org.apache.catalina.startup.VersionLoggerListener.log Command line argument: -Djava.io.tmpdir=D:\B_Util\5.ApacheTomcat\apache-tomcat-8.5.37\temp
18-Nov-2021 12:23:49.845 정보 [main] org.apache.catalina.core.AprLifecycleListener.lifecycleEvent Loaded APR based Apache Tomcat Native library [1.2.19] using APR version [1.6.5].
18-Nov-2021 12:23:49.845 정보 [main] org.apache.catalina.core.AprLifecycleListener.lifecycleEvent APR capabilities: IPv6 [true], sendfile [true], accept filters [false], random [true].
18-Nov-2021 12:23:49.845 정보 [main] org.apache.catalina.core.AprLifecycleListener.lifecycleEvent APR/OpenSSL configuration: useAprConnector [false], useOpenSSL [true]
18-Nov-2021 12:23:49.861 정보 [main] org.apache.catalina.core.AprLifecycleListener.initializeSSL OpenSSL successfully initialized [OpenSSL 1.1.1a  20 Nov 2018]
18-Nov-2021 12:23:49.954 정보 [main] org.apache.coyote.AbstractProtocol.init Initializing ProtocolHandler ["http-nio-80"]
18-Nov-2021 12:23:50.064 정보 [main] org.apache.tomcat.util.net.NioSelectorPool.getSharedSelector Using a shared selector for servlet write/read
18-Nov-2021 12:23:50.079 정보 [main] org.apache.coyote.AbstractProtocol.init Initializing ProtocolHandler ["ajp-nio-8009"]
18-Nov-2021 12:23:50.079 정보 [main] org.apache.tomcat.util.net.NioSelectorPool.getSharedSelector Using a shared selector for servlet write/read
18-Nov-2021 12:23:50.079 정보 [main] org.apache.catalina.startup.Catalina.load Initialization processed in 498 ms
18-Nov-2021 12:23:50.095 정보 [main] org.apache.catalina.core.StandardService.startInternal Starting service [Catalina]
18-Nov-2021 12:23:50.095 정보 [main] org.apache.catalina.core.StandardEngine.startInternal Starting Servlet Engine: Apache Tomcat/8.5.37
18-Nov-2021 12:23:50.095 정보 [localhost-startStop-1] org.apache.catalina.startup.HostConfig.deployDirectory Deploying web application directory [D:\B_Util\5.ApacheTomcat\apache-tomcat-8.5.37\webapps\docs]
18-Nov-2021 12:23:50.501 정보 [localhost-startStop-1] org.apache.jasper.servlet.TldScanner.scanJars At least one JAR was scanned for TLDs yet contained no TLDs. Enable debug logging for this logger for a complete list of JARs that were scanned but no TLDs were found in them. Skipping unneeded JARs during scanning can improve startup time and JSP compilation time.
18-Nov-2021 12:23:50.532 정보 [localhost-startStop-1] org.apache.catalina.startup.HostConfig.deployDirectory Deployment of web application directory [D:\B_Util\5.ApacheTomcat\apache-tomcat-8.5.37\webapps\docs] has finished in [437] ms
18-Nov-2021 12:23:50.532 정보 [localhost-startStop-1] org.apache.catalina.startup.HostConfig.deployDirectory Deploying web application directory [D:\B_Util\5.ApacheTomcat\apache-tomcat-8.5.37\webapps\examples]
18-Nov-2021 12:23:50.860 정보 [localhost-startStop-1] org.apache.jasper.servlet.TldScanner.scanJars At least one JAR was scanned for TLDs yet contained no TLDs. Enable debug logging for this logger for a complete list of JARs that were scanned but no TLDs were found in them. Skipping unneeded JARs during scanning can improve startup time and JSP compilation time.
18-Nov-2021 12:23:50.892 정보 [localhost-startStop-1] org.apache.catalina.startup.HostConfig.deployDirectory Deployment of web application directory [D:\B_Util\5.ApacheTomcat\apache-tomcat-8.5.37\webapps\examples] has finished in [360] ms
18-Nov-2021 12:23:50.892 정보 [localhost-startStop-1] org.apache.catalina.startup.HostConfig.deployDirectory Deploying web application directory [D:\B_Util\5.ApacheTomcat\apache-tomcat-8.5.37\webapps\first]
18-Nov-2021 12:23:51.079 정보 [localhost-startStop-1] org.apache.jasper.servlet.TldScanner.scanJars At least one JAR was scanned for TLDs yet contained no TLDs. Enable debug logging for this logger for a complete list of JARs that were scanned but no TLDs were found in them. Skipping unneeded JARs during scanning can improve startup time and JSP compilation time.
18-Nov-2021 12:23:51.079 정보 [localhost-startStop-1] org.apache.catalina.startup.HostConfig.deployDirectory Deployment of web application directory [D:\B_Util\5.ApacheTomcat\apache-tomcat-8.5.37\webapps\first] has finished in [187] ms
18-Nov-2021 12:23:51.079 정보 [localhost-startStop-1] org.apache.catalina.startup.HostConfig.deployDirectory Deploying web application directory [D:\B_Util\5.ApacheTomcat\apache-tomcat-8.5.37\webapps\host-manager]
18-Nov-2021 12:23:51.313 정보 [localhost-startStop-1] org.apache.jasper.servlet.TldScanner.scanJars At least one JAR was scanned for TLDs yet contained no TLDs. Enable debug logging for this logger for a complete list of JARs that were scanned but no TLDs were found in them. Skipping unneeded JARs during scanning can improve startup time and JSP compilation time.
18-Nov-2021 12:23:51.313 정보 [localhost-startStop-1] org.apache.catalina.startup.HostConfig.deployDirectory Deployment of web application directory [D:\B_Util\5.ApacheTomcat\apache-tomcat-8.5.37\webapps\host-manager] has finished in [234] ms
18-Nov-2021 12:23:51.313 정보 [localhost-startStop-1] org.apache.catalina.startup.HostConfig.deployDirectory Deploying web application directory [D:\B_Util\5.ApacheTomcat\apache-tomcat-8.5.37\webapps\manager]
18-Nov-2021 12:23:51.501 정보 [localhost-startStop-1] org.apache.jasper.servlet.TldScanner.scanJars At least one JAR was scanned for TLDs yet contained no TLDs. Enable debug logging for this logger for a complete list of JARs that were scanned but no TLDs were found in them. Skipping unneeded JARs during scanning can improve startup time and JSP compilation time.
18-Nov-2021 12:23:51.501 정보 [localhost-startStop-1] org.apache.catalina.startup.HostConfig.deployDirectory Deployment of web application directory [D:\B_Util\5.ApacheTomcat\apache-tomcat-8.5.37\webapps\manager] has finished in [188] ms
18-Nov-2021 12:23:51.516 정보 [localhost-startStop-1] org.apache.catalina.startup.HostConfig.deployDirectory Deploying web application directory [D:\B_Util\5.ApacheTomcat\apache-tomcat-8.5.37\webapps\ROOT]
18-Nov-2021 12:23:51.688 정보 [localhost-startStop-1] org.apache.jasper.servlet.TldScanner.scanJars At least one JAR was scanned for TLDs yet contained no TLDs. Enable debug logging for this logger for a complete list of JARs that were scanned but no TLDs were found in them. Skipping unneeded JARs during scanning can improve startup time and JSP compilation time.
18-Nov-2021 12:23:51.704 정보 [localhost-startStop-1] org.apache.catalina.startup.HostConfig.deployDirectory Deployment of web application directory [D:\B_Util\5.ApacheTomcat\apache-tomcat-8.5.37\webapps\ROOT] has finished in [188] ms
18-Nov-2021 12:23:51.704 정보 [main] org.apache.coyote.AbstractProtocol.start Starting ProtocolHandler ["http-nio-80"]
18-Nov-2021 12:23:51.704 정보 [main] org.apache.coyote.AbstractProtocol.start Starting ProtocolHandler ["ajp-nio-8009"]
18-Nov-2021 12:23:51.719 정보 [main] org.apache.catalina.startup.Catalina.start Server startup in 1635 ms
18-Nov-2021 12:26:01.801 정보 [ContainerBackgroundProcessor[StandardEngine[Catalina]]] org.apache.catalina.startup.HostConfig.reload Reloading context [/first]
18-Nov-2021 12:26:01.801 정보 [ContainerBackgroundProcessor[StandardEngine[Catalina]]] org.apache.catalina.core.StandardContext.reload Reloading Context with name [/first] has started
18-Nov-2021 12:26:02.004 정보 [ContainerBackgroundProcessor[StandardEngine[Catalina]]] org.apache.jasper.servlet.TldScanner.scanJars At least one JAR was scanned for TLDs yet contained no TLDs. Enable debug logging for this logger for a complete list of JARs that were scanned but no TLDs were found in them. Skipping unneeded JARs during scanning can improve startup time and JSP compilation time.
18-Nov-2021 12:26:02.004 정보 [ContainerBackgroundProcessor[StandardEngine[Catalina]]] org.apache.catalina.core.StandardContext.reload Reloading Context with name [/first] is completed
18-Nov-2021 12:27:03.079 정보 [main] org.apache.catalina.core.StandardServer.await A valid shutdown command was received via the shutdown port. Stopping the Server instance.
18-Nov-2021 12:27:03.079 정보 [main] org.apache.coyote.AbstractProtocol.pause Pausing ProtocolHandler ["http-nio-80"]
18-Nov-2021 12:27:03.142 정보 [main] org.apache.coyote.AbstractProtocol.pause Pausing ProtocolHandler ["ajp-nio-8009"]
18-Nov-2021 12:27:03.205 정보 [main] org.apache.catalina.core.StandardService.stopInternal Stopping service [Catalina]
18-Nov-2021 12:27:03.205 정보 [main] org.apache.coyote.AbstractProtocol.stop Stopping ProtocolHandler ["http-nio-80"]
18-Nov-2021 12:27:03.220 정보 [main] org.apache.coyote.AbstractProtocol.stop Stopping ProtocolHandler ["ajp-nio-8009"]
18-Nov-2021 12:27:03.220 정보 [main] org.apache.coyote.AbstractProtocol.destroy Destroying ProtocolHandler ["http-nio-80"]
18-Nov-2021 12:27:03.220 정보 [main] org.apache.coyote.AbstractProtocol.destroy Destroying ProtocolHandler ["ajp-nio-8009"]
18-Nov-2021 12:27:13.369 정보 [main] org.apache.catalina.startup.VersionLoggerListener.log Server version:        Apache Tomcat/8.5.37
18-Nov-2021 12:27:13.369 정보 [main] org.apache.catalina.startup.VersionLoggerListener.log Server built:          Dec 12 2018 12:07:02 UTC
18-Nov-2021 12:27:13.369 정보 [main] org.apache.catalina.startup.VersionLoggerListener.log Server number:         8.5.37.0
18-Nov-2021 12:27:13.369 정보 [main] org.apache.catalina.startup.VersionLoggerListener.log OS Name:               Windows 10
18-Nov-2021 12:27:13.385 정보 [main] org.apache.catalina.startup.VersionLoggerListener.log OS Version:            10.0
18-Nov-2021 12:27:13.385 정보 [main] org.apache.catalina.startup.VersionLoggerListener.log Architecture:          amd64
18-Nov-2021 12:27:13.385 정보 [main] org.apache.catalina.startup.VersionLoggerListener.log Java Home:             C:\Program Files\Java\jdk1.8.0_202\jre
18-Nov-2021 12:27:13.385 정보 [main] org.apache.catalina.startup.VersionLoggerListener.log JVM Version:           1.8.0_202-b08
18-Nov-2021 12:27:13.385 정보 [main] org.apache.catalina.startup.VersionLoggerListener.log JVM Vendor:            Oracle Corporation
18-Nov-2021 12:27:13.385 정보 [main] org.apache.catalina.startup.VersionLoggerListener.log CATALINA_BASE:         D:\B_Util\5.ApacheTomcat\apache-tomcat-8.5.37
18-Nov-2021 12:27:13.385 정보 [main] org.apache.catalina.startup.VersionLoggerListener.log CATALINA_HOME:         D:\B_Util\5.ApacheTomcat\apache-tomcat-8.5.37
18-Nov-2021 12:27:13.385 정보 [main] org.apache.catalina.startup.VersionLoggerListener.log Command line argument: -Djava.util.logging.config.file=D:\B_Util\5.ApacheTomcat\apache-tomcat-8.5.37\conf\logging.properties
18-Nov-2021 12:27:13.385 정보 [main] org.apache.catalina.startup.VersionLoggerListener.log Command line argument: -Djava.util.logging.manager=org.apache.juli.ClassLoaderLogManager
18-Nov-2021 12:27:13.385 정보 [main] org.apache.catalina.startup.VersionLoggerListener.log Command line argument: -Djdk.tls.ephemeralDHKeySize=2048
18-Nov-2021 12:27:13.385 정보 [main] org.apache.catalina.startup.VersionLoggerListener.log Command line argument: -Djava.protocol.handler.pkgs=org.apache.catalina.webresources
18-Nov-2021 12:27:13.385 정보 [main] org.apache.catalina.startup.VersionLoggerListener.log Command line argument: -Dignore.endorsed.dirs=
18-Nov-2021 12:27:13.385 정보 [main] org.apache.catalina.startup.VersionLoggerListener.log Command line argument: -Dcatalina.base=D:\B_Util\5.ApacheTomcat\apache-tomcat-8.5.37
18-Nov-2021 12:27:13.385 정보 [main] org.apache.catalina.startup.VersionLoggerListener.log Command line argument: -Dcatalina.home=D:\B_Util\5.ApacheTomcat\apache-tomcat-8.5.37
18-Nov-2021 12:27:13.385 정보 [main] org.apache.catalina.startup.VersionLoggerListener.log Command line argument: -Djava.io.tmpdir=D:\B_Util\5.ApacheTomcat\apache-tomcat-8.5.37\temp
18-Nov-2021 12:27:13.385 정보 [main] org.apache.catalina.core.AprLifecycleListener.lifecycleEvent Loaded APR based Apache Tomcat Native library [1.2.19] using APR version [1.6.5].
18-Nov-2021 12:27:13.385 정보 [main] org.apache.catalina.core.AprLifecycleListener.lifecycleEvent APR capabilities: IPv6 [true], sendfile [true], accept filters [false], random [true].
18-Nov-2021 12:27:13.385 정보 [main] org.apache.catalina.core.AprLifecycleListener.lifecycleEvent APR/OpenSSL configuration: useAprConnector [false], useOpenSSL [true]
18-Nov-2021 12:27:13.401 정보 [main] org.apache.catalina.core.AprLifecycleListener.initializeSSL OpenSSL successfully initialized [OpenSSL 1.1.1a  20 Nov 2018]
18-Nov-2021 12:27:13.494 정보 [main] org.apache.coyote.AbstractProtocol.init Initializing ProtocolHandler ["http-nio-80"]
18-Nov-2021 12:27:13.588 정보 [main] org.apache.tomcat.util.net.NioSelectorPool.getSharedSelector Using a shared selector for servlet write/read
18-Nov-2021 12:27:13.604 정보 [main] org.apache.coyote.AbstractProtocol.init Initializing ProtocolHandler ["ajp-nio-8009"]
18-Nov-2021 12:27:13.604 정보 [main] org.apache.tomcat.util.net.NioSelectorPool.getSharedSelector Using a shared selector for servlet write/read
18-Nov-2021 12:27:13.604 정보 [main] org.apache.catalina.startup.Catalina.load Initialization processed in 495 ms
18-Nov-2021 12:27:13.619 정보 [main] org.apache.catalina.core.StandardService.startInternal Starting service [Catalina]
18-Nov-2021 12:27:13.619 정보 [main] org.apache.catalina.core.StandardEngine.startInternal Starting Servlet Engine: Apache Tomcat/8.5.37
18-Nov-2021 12:27:13.635 정보 [localhost-startStop-1] org.apache.catalina.startup.HostConfig.deployDirectory Deploying web application directory [D:\B_Util\5.ApacheTomcat\apache-tomcat-8.5.37\webapps\docs]
18-Nov-2021 12:27:14.025 정보 [localhost-startStop-1] org.apache.jasper.servlet.TldScanner.scanJars At least one JAR was scanned for TLDs yet contained no TLDs. Enable debug logging for this logger for a complete list of JARs that were scanned but no TLDs were found in them. Skipping unneeded JARs during scanning can improve startup time and JSP compilation time.
18-Nov-2021 12:27:14.057 정보 [localhost-startStop-1] org.apache.catalina.startup.HostConfig.deployDirectory Deployment of web application directory [D:\B_Util\5.ApacheTomcat\apache-tomcat-8.5.37\webapps\docs] has finished in [422] ms
18-Nov-2021 12:27:14.057 정보 [localhost-startStop-1] org.apache.catalina.startup.HostConfig.deployDirectory Deploying web application directory [D:\B_Util\5.ApacheTomcat\apache-tomcat-8.5.37\webapps\examples]
18-Nov-2021 12:27:14.385 정보 [localhost-startStop-1] org.apache.jasper.servlet.TldScanner.scanJars At least one JAR was scanned for TLDs yet contained no TLDs. Enable debug logging for this logger for a complete list of JARs that were scanned but no TLDs were found in them. Skipping unneeded JARs during scanning can improve startup time and JSP compilation time.
18-Nov-2021 12:27:14.416 정보 [localhost-startStop-1] org.apache.catalina.startup.HostConfig.deployDirectory Deployment of web application directory [D:\B_Util\5.ApacheTomcat\apache-tomcat-8.5.37\webapps\examples] has finished in [359] ms
18-Nov-2021 12:27:14.416 정보 [localhost-startStop-1] org.apache.catalina.startup.HostConfig.deployDirectory Deploying web application directory [D:\B_Util\5.ApacheTomcat\apache-tomcat-8.5.37\webapps\first]
18-Nov-2021 12:27:14.620 정보 [localhost-startStop-1] org.apache.jasper.servlet.TldScanner.scanJars At least one JAR was scanned for TLDs yet contained no TLDs. Enable debug logging for this logger for a complete list of JARs that were scanned but no TLDs were found in them. Skipping unneeded JARs during scanning can improve startup time and JSP compilation time.
18-Nov-2021 12:27:14.620 정보 [localhost-startStop-1] org.apache.catalina.startup.HostConfig.deployDirectory Deployment of web application directory [D:\B_Util\5.ApacheTomcat\apache-tomcat-8.5.37\webapps\first] has finished in [204] ms
18-Nov-2021 12:27:14.620 정보 [localhost-startStop-1] org.apache.catalina.startup.HostConfig.deployDirectory Deploying web application directory [D:\B_Util\5.ApacheTomcat\apache-tomcat-8.5.37\webapps\host-manager]
18-Nov-2021 12:27:14.823 정보 [localhost-startStop-1] org.apache.jasper.servlet.TldScanner.scanJars At least one JAR was scanned for TLDs yet contained no TLDs. Enable debug logging for this logger for a complete list of JARs that were scanned but no TLDs were found in them. Skipping unneeded JARs during scanning can improve startup time and JSP compilation time.
18-Nov-2021 12:27:14.823 정보 [localhost-startStop-1] org.apache.catalina.startup.HostConfig.deployDirectory Deployment of web application directory [D:\B_Util\5.ApacheTomcat\apache-tomcat-8.5.37\webapps\host-manager] has finished in [203] ms
18-Nov-2021 12:27:14.823 정보 [localhost-startStop-1] org.apache.catalina.startup.HostConfig.deployDirectory Deploying web application directory [D:\B_Util\5.ApacheTomcat\apache-tomcat-8.5.37\webapps\manager]
18-Nov-2021 12:27:15.011 정보 [localhost-startStop-1] org.apache.jasper.servlet.TldScanner.scanJars At least one JAR was scanned for TLDs yet contained no TLDs. Enable debug logging for this logger for a complete list of JARs that were scanned but no TLDs were found in them. Skipping unneeded JARs during scanning can improve startup time and JSP compilation time.
18-Nov-2021 12:27:15.011 정보 [localhost-startStop-1] org.apache.catalina.startup.HostConfig.deployDirectory Deployment of web application directory [D:\B_Util\5.ApacheTomcat\apache-tomcat-8.5.37\webapps\manager] has finished in [188] ms
18-Nov-2021 12:27:15.011 정보 [localhost-startStop-1] org.apache.catalina.startup.HostConfig.deployDirectory Deploying web application directory [D:\B_Util\5.ApacheTomcat\apache-tomcat-8.5.37\webapps\ROOT]
18-Nov-2021 12:27:15.214 정보 [localhost-startStop-1] org.apache.jasper.servlet.TldScanner.scanJars At least one JAR was scanned for TLDs yet contained no TLDs. Enable debug logging for this logger for a complete list of JARs that were scanned but no TLDs were found in them. Skipping unneeded JARs during scanning can improve startup time and JSP compilation time.
18-Nov-2021 12:27:15.214 정보 [localhost-startStop-1] org.apache.catalina.startup.HostConfig.deployDirectory Deployment of web application directory [D:\B_Util\5.ApacheTomcat\apache-tomcat-8.5.37\webapps\ROOT] has finished in [203] ms
18-Nov-2021 12:27:15.214 정보 [main] org.apache.coyote.AbstractProtocol.start Starting ProtocolHandler ["http-nio-80"]
18-Nov-2021 12:27:15.214 정보 [main] org.apache.coyote.AbstractProtocol.start Starting ProtocolHandler ["ajp-nio-8009"]
18-Nov-2021 12:27:15.214 정보 [main] org.apache.catalina.startup.Catalina.start Server startup in 1615 ms
18-Nov-2021 12:34:32.485 정보 [main] org.apache.catalina.core.StandardServer.await A valid shutdown command was received via the shutdown port. Stopping the Server instance.
18-Nov-2021 12:34:32.485 정보 [main] org.apache.coyote.AbstractProtocol.pause Pausing ProtocolHandler ["http-nio-80"]
18-Nov-2021 12:34:32.554 정보 [main] org.apache.coyote.AbstractProtocol.pause Pausing ProtocolHandler ["ajp-nio-8009"]
18-Nov-2021 12:34:32.616 정보 [main] org.apache.catalina.core.StandardService.stopInternal Stopping service [Catalina]
18-Nov-2021 12:34:32.647 정보 [main] org.apache.coyote.AbstractProtocol.stop Stopping ProtocolHandler ["http-nio-80"]
18-Nov-2021 12:34:32.647 정보 [main] org.apache.coyote.AbstractProtocol.stop Stopping ProtocolHandler ["ajp-nio-8009"]
18-Nov-2021 12:34:32.647 정보 [main] org.apache.coyote.AbstractProtocol.destroy Destroying ProtocolHandler ["http-nio-80"]
18-Nov-2021 12:34:32.647 정보 [main] org.apache.coyote.AbstractProtocol.destroy Destroying ProtocolHandler ["ajp-nio-8009"]
18-Nov-2021 12:34:35.646 정보 [main] org.apache.catalina.startup.VersionLoggerListener.log Server version:        Apache Tomcat/8.5.37
18-Nov-2021 12:34:35.662 정보 [main] org.apache.catalina.startup.VersionLoggerListener.log Server built:          Dec 12 2018 12:07:02 UTC
18-Nov-2021 12:34:35.662 정보 [main] org.apache.catalina.startup.VersionLoggerListener.log Server number:         8.5.37.0
18-Nov-2021 12:34:35.662 정보 [main] org.apache.catalina.startup.VersionLoggerListener.log OS Name:               Windows 10
18-Nov-2021 12:34:35.662 정보 [main] org.apache.catalina.startup.VersionLoggerListener.log OS Version:            10.0
18-Nov-2021 12:34:35.662 정보 [main] org.apache.catalina.startup.VersionLoggerListener.log Architecture:          amd64
18-Nov-2021 12:34:35.662 정보 [main] org.apache.catalina.startup.VersionLoggerListener.log Java Home:             C:\Program Files\Java\jdk1.8.0_202\jre
18-Nov-2021 12:34:35.662 정보 [main] org.apache.catalina.startup.VersionLoggerListener.log JVM Version:           1.8.0_202-b08
18-Nov-2021 12:34:35.662 정보 [main] org.apache.catalina.startup.VersionLoggerListener.log JVM Vendor:            Oracle Corporation
18-Nov-2021 12:34:35.662 정보 [main] org.apache.catalina.startup.VersionLoggerListener.log CATALINA_BASE:         D:\B_Util\5.ApacheTomcat\apache-tomcat-8.5.37
18-Nov-2021 12:34:35.662 정보 [main] org.apache.catalina.startup.VersionLoggerListener.log CATALINA_HOME:         D:\B_Util\5.ApacheTomcat\apache-tomcat-8.5.37
18-Nov-2021 12:34:35.662 정보 [main] org.apache.catalina.startup.VersionLoggerListener.log Command line argument: -Djava.util.logging.config.file=D:\B_Util\5.ApacheTomcat\apache-tomcat-8.5.37\conf\logging.properties
18-Nov-2021 12:34:35.662 정보 [main] org.apache.catalina.startup.VersionLoggerListener.log Command line argument: -Djava.util.logging.manager=org.apache.juli.ClassLoaderLogManager
18-Nov-2021 12:34:35.662 정보 [main] org.apache.catalina.startup.VersionLoggerListener.log Command line argument: -Djdk.tls.ephemeralDHKeySize=2048
18-Nov-2021 12:34:35.662 정보 [main] org.apache.catalina.startup.VersionLoggerListener.log Command line argument: -Djava.protocol.handler.pkgs=org.apache.catalina.webresources
18-Nov-2021 12:34:35.662 정보 [main] org.apache.catalina.startup.VersionLoggerListener.log Command line argument: -Dignore.endorsed.dirs=
18-Nov-2021 12:34:35.662 정보 [main] org.apache.catalina.startup.VersionLoggerListener.log Command line argument: -Dcatalina.base=D:\B_Util\5.ApacheTomcat\apache-tomcat-8.5.37
18-Nov-2021 12:34:35.662 정보 [main] org.apache.catalina.startup.VersionLoggerListener.log Command line argument: -Dcatalina.home=D:\B_Util\5.ApacheTomcat\apache-tomcat-8.5.37
18-Nov-2021 12:34:35.662 정보 [main] org.apache.catalina.startup.VersionLoggerListener.log Command line argument: -Djava.io.tmpdir=D:\B_Util\5.ApacheTomcat\apache-tomcat-8.5.37\temp
18-Nov-2021 12:34:35.662 정보 [main] org.apache.catalina.core.AprLifecycleListener.lifecycleEvent Loaded APR based Apache Tomcat Native library [1.2.19] using APR version [1.6.5].
18-Nov-2021 12:34:35.662 정보 [main] org.apache.catalina.core.AprLifecycleListener.lifecycleEvent APR capabilities: IPv6 [true], sendfile [true], accept filters [false], random [true].
18-Nov-2021 12:34:35.662 정보 [main] org.apache.catalina.core.AprLifecycleListener.lifecycleEvent APR/OpenSSL configuration: useAprConnector [false], useOpenSSL [true]
18-Nov-2021 12:34:35.678 정보 [main] org.apache.catalina.core.AprLifecycleListener.initializeSSL OpenSSL successfully initialized [OpenSSL 1.1.1a  20 Nov 2018]
18-Nov-2021 12:34:35.771 정보 [main] org.apache.coyote.AbstractProtocol.init Initializing ProtocolHandler ["http-nio-80"]
18-Nov-2021 12:34:35.881 정보 [main] org.apache.tomcat.util.net.NioSelectorPool.getSharedSelector Using a shared selector for servlet write/read
18-Nov-2021 12:34:35.896 정보 [main] org.apache.coyote.AbstractProtocol.init Initializing ProtocolHandler ["ajp-nio-8009"]
18-Nov-2021 12:34:35.896 정보 [main] org.apache.tomcat.util.net.NioSelectorPool.getSharedSelector Using a shared selector for servlet write/read
18-Nov-2021 12:34:35.896 정보 [main] org.apache.catalina.startup.Catalina.load Initialization processed in 509 ms
18-Nov-2021 12:34:35.912 정보 [main] org.apache.catalina.core.StandardService.startInternal Starting service [Catalina]
18-Nov-2021 12:34:35.912 정보 [main] org.apache.catalina.core.StandardEngine.startInternal Starting Servlet Engine: Apache Tomcat/8.5.37
18-Nov-2021 12:34:35.928 정보 [localhost-startStop-1] org.apache.catalina.startup.HostConfig.deployDirectory Deploying web application directory [D:\B_Util\5.ApacheTomcat\apache-tomcat-8.5.37\webapps\docs]
18-Nov-2021 12:34:36.318 정보 [localhost-startStop-1] org.apache.jasper.servlet.TldScanner.scanJars At least one JAR was scanned for TLDs yet contained no TLDs. Enable debug logging for this logger for a complete list of JARs that were scanned but no TLDs were found in them. Skipping unneeded JARs during scanning can improve startup time and JSP compilation time.
18-Nov-2021 12:34:36.349 정보 [localhost-startStop-1] org.apache.catalina.startup.HostConfig.deployDirectory Deployment of web application directory [D:\B_Util\5.ApacheTomcat\apache-tomcat-8.5.37\webapps\docs] has finished in [421] ms
18-Nov-2021 12:34:36.349 정보 [localhost-startStop-1] org.apache.catalina.startup.HostConfig.deployDirectory Deploying web application directory [D:\B_Util\5.ApacheTomcat\apache-tomcat-8.5.37\webapps\examples]
18-Nov-2021 12:34:36.677 정보 [localhost-startStop-1] org.apache.jasper.servlet.TldScanner.scanJars At least one JAR was scanned for TLDs yet contained no TLDs. Enable debug logging for this logger for a complete list of JARs that were scanned but no TLDs were found in them. Skipping unneeded JARs during scanning can improve startup time and JSP compilation time.
18-Nov-2021 12:34:36.709 정보 [localhost-startStop-1] org.apache.catalina.startup.HostConfig.deployDirectory Deployment of web application directory [D:\B_Util\5.ApacheTomcat\apache-tomcat-8.5.37\webapps\examples] has finished in [360] ms
18-Nov-2021 12:34:36.709 정보 [localhost-startStop-1] org.apache.catalina.startup.HostConfig.deployDirectory Deploying web application directory [D:\B_Util\5.ApacheTomcat\apache-tomcat-8.5.37\webapps\first]
18-Nov-2021 12:34:36.896 정보 [localhost-startStop-1] org.apache.jasper.servlet.TldScanner.scanJars At least one JAR was scanned for TLDs yet contained no TLDs. Enable debug logging for this logger for a complete list of JARs that were scanned but no TLDs were found in them. Skipping unneeded JARs during scanning can improve startup time and JSP compilation time.
18-Nov-2021 12:34:36.912 정보 [localhost-startStop-1] org.apache.catalina.startup.HostConfig.deployDirectory Deployment of web application directory [D:\B_Util\5.ApacheTomcat\apache-tomcat-8.5.37\webapps\first] has finished in [203] ms
18-Nov-2021 12:34:36.912 정보 [localhost-startStop-1] org.apache.catalina.startup.HostConfig.deployDirectory Deploying web application directory [D:\B_Util\5.ApacheTomcat\apache-tomcat-8.5.37\webapps\host-manager]
18-Nov-2021 12:34:37.115 정보 [localhost-startStop-1] org.apache.jasper.servlet.TldScanner.scanJars At least one JAR was scanned for TLDs yet contained no TLDs. Enable debug logging for this logger for a complete list of JARs that were scanned but no TLDs were found in them. Skipping unneeded JARs during scanning can improve startup time and JSP compilation time.
18-Nov-2021 12:34:37.115 정보 [localhost-startStop-1] org.apache.catalina.startup.HostConfig.deployDirectory Deployment of web application directory [D:\B_Util\5.ApacheTomcat\apache-tomcat-8.5.37\webapps\host-manager] has finished in [203] ms
18-Nov-2021 12:34:37.115 정보 [localhost-startStop-1] org.apache.catalina.startup.HostConfig.deployDirectory Deploying web application directory [D:\B_Util\5.ApacheTomcat\apache-tomcat-8.5.37\webapps\manager]
18-Nov-2021 12:34:37.302 정보 [localhost-startStop-1] org.apache.jasper.servlet.TldScanner.scanJars At least one JAR was scanned for TLDs yet contained no TLDs. Enable debug logging for this logger for a complete list of JARs that were scanned but no TLDs were found in them. Skipping unneeded JARs during scanning can improve startup time and JSP compilation time.
18-Nov-2021 12:34:37.302 정보 [localhost-startStop-1] org.apache.catalina.startup.HostConfig.deployDirectory Deployment of web application directory [D:\B_Util\5.ApacheTomcat\apache-tomcat-8.5.37\webapps\manager] has finished in [187] ms
18-Nov-2021 12:34:37.302 정보 [localhost-startStop-1] org.apache.catalina.startup.HostConfig.deployDirectory Deploying web application directory [D:\B_Util\5.ApacheTomcat\apache-tomcat-8.5.37\webapps\ROOT]
18-Nov-2021 12:34:37.521 정보 [localhost-startStop-1] org.apache.jasper.servlet.TldScanner.scanJars At least one JAR was scanned for TLDs yet contained no TLDs. Enable debug logging for this logger for a complete list of JARs that were scanned but no TLDs were found in them. Skipping unneeded JARs during scanning can improve startup time and JSP compilation time.
18-Nov-2021 12:34:37.521 정보 [localhost-startStop-1] org.apache.catalina.startup.HostConfig.deployDirectory Deployment of web application directory [D:\B_Util\5.ApacheTomcat\apache-tomcat-8.5.37\webapps\ROOT] has finished in [219] ms
18-Nov-2021 12:34:37.521 정보 [main] org.apache.coyote.AbstractProtocol.start Starting ProtocolHandler ["http-nio-80"]
18-Nov-2021 12:34:37.521 정보 [main] org.apache.coyote.AbstractProtocol.start Starting ProtocolHandler ["ajp-nio-8009"]
18-Nov-2021 12:34:37.537 정보 [main] org.apache.catalina.startup.Catalina.start Server startup in 1638 ms
18-Nov-2021 12:52:21.765 정보 [main] org.apache.catalina.core.StandardServer.await A valid shutdown command was received via the shutdown port. Stopping the Server instance.
18-Nov-2021 12:52:21.765 정보 [main] org.apache.coyote.AbstractProtocol.pause Pausing ProtocolHandler ["http-nio-80"]
18-Nov-2021 12:52:21.829 정보 [main] org.apache.coyote.AbstractProtocol.pause Pausing ProtocolHandler ["ajp-nio-8009"]
18-Nov-2021 12:52:21.881 정보 [main] org.apache.catalina.core.StandardService.stopInternal Stopping service [Catalina]
18-Nov-2021 12:52:21.897 정보 [main] org.apache.coyote.AbstractProtocol.stop Stopping ProtocolHandler ["http-nio-80"]
18-Nov-2021 12:52:21.897 정보 [main] org.apache.coyote.AbstractProtocol.stop Stopping ProtocolHandler ["ajp-nio-8009"]
18-Nov-2021 12:52:21.897 정보 [main] org.apache.coyote.AbstractProtocol.destroy Destroying ProtocolHandler ["http-nio-80"]
18-Nov-2021 12:52:21.897 정보 [main] org.apache.coyote.AbstractProtocol.destroy Destroying ProtocolHandler ["ajp-nio-8009"]
