26-Mar-2022 14:56:19.487 경고 [main] org.apache.coyote.http11.Http11Protocol.<init> The HTTP BIO connector has been removed in Tomcat 8.5.x onwards. The HTTP BIO connector configuration has been automatically switched to use the HTTP NIO connector instead.
26-Mar-2022 14:56:19.534 정보 [main] org.apache.catalina.startup.VersionLoggerListener.log Server version:        Apache Tomcat/8.5.37
26-Mar-2022 14:56:19.535 정보 [main] org.apache.catalina.startup.VersionLoggerListener.log Server built:          Dec 12 2018 12:07:02 UTC
26-Mar-2022 14:56:19.535 정보 [main] org.apache.catalina.startup.VersionLoggerListener.log Server number:         8.5.37.0
26-Mar-2022 14:56:19.535 정보 [main] org.apache.catalina.startup.VersionLoggerListener.log OS Name:               Windows 10
26-Mar-2022 14:56:19.536 정보 [main] org.apache.catalina.startup.VersionLoggerListener.log OS Version:            10.0
26-Mar-2022 14:56:19.536 정보 [main] org.apache.catalina.startup.VersionLoggerListener.log Architecture:          amd64
26-Mar-2022 14:56:19.536 정보 [main] org.apache.catalina.startup.VersionLoggerListener.log Java Home:             C:\Program Files\Java\jdk1.8.0_202\jre
26-Mar-2022 14:56:19.536 정보 [main] org.apache.catalina.startup.VersionLoggerListener.log JVM Version:           1.8.0_202-b08
26-Mar-2022 14:56:19.536 정보 [main] org.apache.catalina.startup.VersionLoggerListener.log JVM Vendor:            Oracle Corporation
26-Mar-2022 14:56:19.537 정보 [main] org.apache.catalina.startup.VersionLoggerListener.log CATALINA_BASE:         D:\B_Util\5.ApacheTomcat\apache-tomcat-8.5.37
26-Mar-2022 14:56:19.537 정보 [main] org.apache.catalina.startup.VersionLoggerListener.log CATALINA_HOME:         D:\B_Util\5.ApacheTomcat\apache-tomcat-8.5.37
26-Mar-2022 14:56:19.538 정보 [main] org.apache.catalina.startup.VersionLoggerListener.log Command line argument: -Djava.util.logging.config.file=D:\B_Util\5.ApacheTomcat\apache-tomcat-8.5.37\conf\logging.properties
26-Mar-2022 14:56:19.538 정보 [main] org.apache.catalina.startup.VersionLoggerListener.log Command line argument: -Djava.util.logging.manager=org.apache.juli.ClassLoaderLogManager
26-Mar-2022 14:56:19.539 정보 [main] org.apache.catalina.startup.VersionLoggerListener.log Command line argument: -Djdk.tls.ephemeralDHKeySize=2048
26-Mar-2022 14:56:19.540 정보 [main] org.apache.catalina.startup.VersionLoggerListener.log Command line argument: -Djava.protocol.handler.pkgs=org.apache.catalina.webresources
26-Mar-2022 14:56:19.540 정보 [main] org.apache.catalina.startup.VersionLoggerListener.log Command line argument: -Dignore.endorsed.dirs=
26-Mar-2022 14:56:19.541 정보 [main] org.apache.catalina.startup.VersionLoggerListener.log Command line argument: -Dcatalina.base=D:\B_Util\5.ApacheTomcat\apache-tomcat-8.5.37
26-Mar-2022 14:56:19.542 정보 [main] org.apache.catalina.startup.VersionLoggerListener.log Command line argument: -Dcatalina.home=D:\B_Util\5.ApacheTomcat\apache-tomcat-8.5.37
26-Mar-2022 14:56:19.542 정보 [main] org.apache.catalina.startup.VersionLoggerListener.log Command line argument: -Djava.io.tmpdir=D:\B_Util\5.ApacheTomcat\apache-tomcat-8.5.37\temp
26-Mar-2022 14:56:19.543 정보 [main] org.apache.catalina.core.AprLifecycleListener.lifecycleEvent Loaded APR based Apache Tomcat Native library [1.2.19] using APR version [1.6.5].
26-Mar-2022 14:56:19.544 정보 [main] org.apache.catalina.core.AprLifecycleListener.lifecycleEvent APR capabilities: IPv6 [true], sendfile [true], accept filters [false], random [true].
26-Mar-2022 14:56:19.545 정보 [main] org.apache.catalina.core.AprLifecycleListener.lifecycleEvent APR/OpenSSL configuration: useAprConnector [false], useOpenSSL [true]
26-Mar-2022 14:56:19.561 정보 [main] org.apache.catalina.core.AprLifecycleListener.initializeSSL OpenSSL successfully initialized [OpenSSL 1.1.1a  20 Nov 2018]
26-Mar-2022 14:56:19.766 정보 [main] org.apache.coyote.AbstractProtocol.init Initializing ProtocolHandler ["http-nio-18080"]
26-Mar-2022 14:56:19.917 정보 [main] org.apache.tomcat.util.net.NioSelectorPool.getSharedSelector Using a shared selector for servlet write/read
26-Mar-2022 14:56:19.935 정보 [main] org.apache.coyote.AbstractProtocol.init Initializing ProtocolHandler ["https-openssl-nio-18443"]
26-Mar-2022 14:56:20.312 정보 [main] org.apache.tomcat.util.net.NioSelectorPool.getSharedSelector Using a shared selector for servlet write/read
26-Mar-2022 14:56:20.316 정보 [main] org.apache.coyote.AbstractProtocol.init Initializing ProtocolHandler ["ajp-nio-18009"]
26-Mar-2022 14:56:20.317 정보 [main] org.apache.tomcat.util.net.NioSelectorPool.getSharedSelector Using a shared selector for servlet write/read
26-Mar-2022 14:56:20.318 정보 [main] org.apache.catalina.startup.Catalina.load Initialization processed in 1224 ms
26-Mar-2022 14:56:20.347 정보 [main] org.apache.catalina.core.StandardService.startInternal Starting service [Catalina]
26-Mar-2022 14:56:20.348 정보 [main] org.apache.catalina.core.StandardEngine.startInternal Starting Servlet Engine: Apache Tomcat/8.5.37
26-Mar-2022 14:56:20.472 정보 [localhost-startStop-1] org.apache.catalina.startup.HostConfig.deployWAR Deploying web application archive [D:\B_Util\5.ApacheTomcat\apache-tomcat-8.5.37\webapps\MeetingStatus.war]
26-Mar-2022 14:56:23.252 정보 [localhost-startStop-1] org.apache.jasper.servlet.TldScanner.scanJars At least one JAR was scanned for TLDs yet contained no TLDs. Enable debug logging for this logger for a complete list of JARs that were scanned but no TLDs were found in them. Skipping unneeded JARs during scanning can improve startup time and JSP compilation time.
26-Mar-2022 14:56:25.456 정보 [localhost-startStop-1] org.apache.catalina.startup.HostConfig.deployWAR Deployment of web application archive [D:\B_Util\5.ApacheTomcat\apache-tomcat-8.5.37\webapps\MeetingStatus.war] has finished in [4,984] ms
26-Mar-2022 14:56:25.458 정보 [localhost-startStop-1] org.apache.catalina.startup.HostConfig.deployDirectory Deploying web application directory [D:\B_Util\5.ApacheTomcat\apache-tomcat-8.5.37\webapps\docs]
26-Mar-2022 14:56:25.833 정보 [localhost-startStop-1] org.apache.jasper.servlet.TldScanner.scanJars At least one JAR was scanned for TLDs yet contained no TLDs. Enable debug logging for this logger for a complete list of JARs that were scanned but no TLDs were found in them. Skipping unneeded JARs during scanning can improve startup time and JSP compilation time.
26-Mar-2022 14:56:25.836 정보 [localhost-startStop-1] org.apache.catalina.startup.HostConfig.deployDirectory Deployment of web application directory [D:\B_Util\5.ApacheTomcat\apache-tomcat-8.5.37\webapps\docs] has finished in [378] ms
26-Mar-2022 14:56:25.837 정보 [localhost-startStop-1] org.apache.catalina.startup.HostConfig.deployDirectory Deploying web application directory [D:\B_Util\5.ApacheTomcat\apache-tomcat-8.5.37\webapps\examples]
26-Mar-2022 14:56:26.871 정보 [localhost-startStop-1] org.apache.jasper.servlet.TldScanner.scanJars At least one JAR was scanned for TLDs yet contained no TLDs. Enable debug logging for this logger for a complete list of JARs that were scanned but no TLDs were found in them. Skipping unneeded JARs during scanning can improve startup time and JSP compilation time.
26-Mar-2022 14:56:26.916 정보 [localhost-startStop-1] org.apache.catalina.startup.HostConfig.deployDirectory Deployment of web application directory [D:\B_Util\5.ApacheTomcat\apache-tomcat-8.5.37\webapps\examples] has finished in [1,079] ms
26-Mar-2022 14:56:26.917 정보 [localhost-startStop-1] org.apache.catalina.startup.HostConfig.deployDirectory Deploying web application directory [D:\B_Util\5.ApacheTomcat\apache-tomcat-8.5.37\webapps\first]
26-Mar-2022 14:56:27.263 정보 [localhost-startStop-1] org.apache.jasper.servlet.TldScanner.scanJars At least one JAR was scanned for TLDs yet contained no TLDs. Enable debug logging for this logger for a complete list of JARs that were scanned but no TLDs were found in them. Skipping unneeded JARs during scanning can improve startup time and JSP compilation time.
26-Mar-2022 14:56:27.266 정보 [localhost-startStop-1] org.apache.catalina.startup.HostConfig.deployDirectory Deployment of web application directory [D:\B_Util\5.ApacheTomcat\apache-tomcat-8.5.37\webapps\first] has finished in [349] ms
26-Mar-2022 14:56:27.267 정보 [localhost-startStop-1] org.apache.catalina.startup.HostConfig.deployDirectory Deploying web application directory [D:\B_Util\5.ApacheTomcat\apache-tomcat-8.5.37\webapps\host-manager]
26-Mar-2022 14:56:27.609 정보 [localhost-startStop-1] org.apache.jasper.servlet.TldScanner.scanJars At least one JAR was scanned for TLDs yet contained no TLDs. Enable debug logging for this logger for a complete list of JARs that were scanned but no TLDs were found in them. Skipping unneeded JARs during scanning can improve startup time and JSP compilation time.
26-Mar-2022 14:56:27.613 정보 [localhost-startStop-1] org.apache.catalina.startup.HostConfig.deployDirectory Deployment of web application directory [D:\B_Util\5.ApacheTomcat\apache-tomcat-8.5.37\webapps\host-manager] has finished in [345] ms
26-Mar-2022 14:56:27.614 정보 [localhost-startStop-1] org.apache.catalina.startup.HostConfig.deployDirectory Deploying web application directory [D:\B_Util\5.ApacheTomcat\apache-tomcat-8.5.37\webapps\manager]
26-Mar-2022 14:56:27.882 정보 [localhost-startStop-1] org.apache.jasper.servlet.TldScanner.scanJars At least one JAR was scanned for TLDs yet contained no TLDs. Enable debug logging for this logger for a complete list of JARs that were scanned but no TLDs were found in them. Skipping unneeded JARs during scanning can improve startup time and JSP compilation time.
26-Mar-2022 14:56:27.884 정보 [localhost-startStop-1] org.apache.catalina.startup.HostConfig.deployDirectory Deployment of web application directory [D:\B_Util\5.ApacheTomcat\apache-tomcat-8.5.37\webapps\manager] has finished in [271] ms
26-Mar-2022 14:56:27.885 정보 [localhost-startStop-1] org.apache.catalina.startup.HostConfig.deployDirectory Deploying web application directory [D:\B_Util\5.ApacheTomcat\apache-tomcat-8.5.37\webapps\ROOT]
26-Mar-2022 14:56:28.161 정보 [localhost-startStop-1] org.apache.jasper.servlet.TldScanner.scanJars At least one JAR was scanned for TLDs yet contained no TLDs. Enable debug logging for this logger for a complete list of JARs that were scanned but no TLDs were found in them. Skipping unneeded JARs during scanning can improve startup time and JSP compilation time.
26-Mar-2022 14:56:28.164 정보 [localhost-startStop-1] org.apache.catalina.startup.HostConfig.deployDirectory Deployment of web application directory [D:\B_Util\5.ApacheTomcat\apache-tomcat-8.5.37\webapps\ROOT] has finished in [279] ms
26-Mar-2022 14:56:28.168 정보 [main] org.apache.coyote.AbstractProtocol.start Starting ProtocolHandler ["http-nio-18080"]
26-Mar-2022 14:56:28.178 정보 [main] org.apache.coyote.AbstractProtocol.start Starting ProtocolHandler ["https-openssl-nio-18443"]
26-Mar-2022 14:56:28.182 정보 [main] org.apache.coyote.AbstractProtocol.start Starting ProtocolHandler ["ajp-nio-18009"]
26-Mar-2022 14:56:28.185 정보 [main] org.apache.catalina.startup.Catalina.start Server startup in 7866 ms
26-Mar-2022 17:58:08.622 경고 [main] org.apache.coyote.http11.Http11Protocol.<init> The HTTP BIO connector has been removed in Tomcat 8.5.x onwards. The HTTP BIO connector configuration has been automatically switched to use the HTTP NIO connector instead.
26-Mar-2022 17:58:08.688 정보 [main] org.apache.catalina.startup.VersionLoggerListener.log Server version:        Apache Tomcat/8.5.37
26-Mar-2022 17:58:08.690 정보 [main] org.apache.catalina.startup.VersionLoggerListener.log Server built:          Dec 12 2018 12:07:02 UTC
26-Mar-2022 17:58:08.690 정보 [main] org.apache.catalina.startup.VersionLoggerListener.log Server number:         8.5.37.0
26-Mar-2022 17:58:08.690 정보 [main] org.apache.catalina.startup.VersionLoggerListener.log OS Name:               Windows 10
26-Mar-2022 17:58:08.690 정보 [main] org.apache.catalina.startup.VersionLoggerListener.log OS Version:            10.0
26-Mar-2022 17:58:08.691 정보 [main] org.apache.catalina.startup.VersionLoggerListener.log Architecture:          amd64
26-Mar-2022 17:58:08.691 정보 [main] org.apache.catalina.startup.VersionLoggerListener.log Java Home:             C:\Program Files\Java\jdk1.8.0_202\jre
26-Mar-2022 17:58:08.691 정보 [main] org.apache.catalina.startup.VersionLoggerListener.log JVM Version:           1.8.0_202-b08
26-Mar-2022 17:58:08.691 정보 [main] org.apache.catalina.startup.VersionLoggerListener.log JVM Vendor:            Oracle Corporation
26-Mar-2022 17:58:08.692 정보 [main] org.apache.catalina.startup.VersionLoggerListener.log CATALINA_BASE:         D:\B_Util\5.ApacheTomcat\apache-tomcat-8.5.37
26-Mar-2022 17:58:08.692 정보 [main] org.apache.catalina.startup.VersionLoggerListener.log CATALINA_HOME:         D:\B_Util\5.ApacheTomcat\apache-tomcat-8.5.37
26-Mar-2022 17:58:08.693 정보 [main] org.apache.catalina.startup.VersionLoggerListener.log Command line argument: -Djava.util.logging.config.file=D:\B_Util\5.ApacheTomcat\apache-tomcat-8.5.37\conf\logging.properties
26-Mar-2022 17:58:08.694 정보 [main] org.apache.catalina.startup.VersionLoggerListener.log Command line argument: -Djava.util.logging.manager=org.apache.juli.ClassLoaderLogManager
26-Mar-2022 17:58:08.695 정보 [main] org.apache.catalina.startup.VersionLoggerListener.log Command line argument: -Djdk.tls.ephemeralDHKeySize=2048
26-Mar-2022 17:58:08.695 정보 [main] org.apache.catalina.startup.VersionLoggerListener.log Command line argument: -Djava.protocol.handler.pkgs=org.apache.catalina.webresources
26-Mar-2022 17:58:08.696 정보 [main] org.apache.catalina.startup.VersionLoggerListener.log Command line argument: -Dignore.endorsed.dirs=
26-Mar-2022 17:58:08.697 정보 [main] org.apache.catalina.startup.VersionLoggerListener.log Command line argument: -Dcatalina.base=D:\B_Util\5.ApacheTomcat\apache-tomcat-8.5.37
26-Mar-2022 17:58:08.698 정보 [main] org.apache.catalina.startup.VersionLoggerListener.log Command line argument: -Dcatalina.home=D:\B_Util\5.ApacheTomcat\apache-tomcat-8.5.37
26-Mar-2022 17:58:08.699 정보 [main] org.apache.catalina.startup.VersionLoggerListener.log Command line argument: -Djava.io.tmpdir=D:\B_Util\5.ApacheTomcat\apache-tomcat-8.5.37\temp
26-Mar-2022 17:58:08.700 정보 [main] org.apache.catalina.core.AprLifecycleListener.lifecycleEvent Loaded APR based Apache Tomcat Native library [1.2.19] using APR version [1.6.5].
26-Mar-2022 17:58:08.703 정보 [main] org.apache.catalina.core.AprLifecycleListener.lifecycleEvent APR capabilities: IPv6 [true], sendfile [true], accept filters [false], random [true].
26-Mar-2022 17:58:08.704 정보 [main] org.apache.catalina.core.AprLifecycleListener.lifecycleEvent APR/OpenSSL configuration: useAprConnector [false], useOpenSSL [true]
26-Mar-2022 17:58:08.727 정보 [main] org.apache.catalina.core.AprLifecycleListener.initializeSSL OpenSSL successfully initialized [OpenSSL 1.1.1a  20 Nov 2018]
26-Mar-2022 17:58:08.937 정보 [main] org.apache.coyote.AbstractProtocol.init Initializing ProtocolHandler ["http-nio-18080"]
26-Mar-2022 17:58:09.091 정보 [main] org.apache.tomcat.util.net.NioSelectorPool.getSharedSelector Using a shared selector for servlet write/read
26-Mar-2022 17:58:09.102 정보 [main] org.apache.coyote.AbstractProtocol.init Initializing ProtocolHandler ["https-openssl-nio-18443"]
26-Mar-2022 17:58:09.474 정보 [main] org.apache.tomcat.util.net.NioSelectorPool.getSharedSelector Using a shared selector for servlet write/read
26-Mar-2022 17:58:09.476 정보 [main] org.apache.coyote.AbstractProtocol.init Initializing ProtocolHandler ["ajp-nio-18009"]
26-Mar-2022 17:58:09.479 정보 [main] org.apache.tomcat.util.net.NioSelectorPool.getSharedSelector Using a shared selector for servlet write/read
26-Mar-2022 17:58:09.480 정보 [main] org.apache.catalina.startup.Catalina.load Initialization processed in 1300 ms
26-Mar-2022 17:58:09.517 정보 [main] org.apache.catalina.core.StandardService.startInternal Starting service [Catalina]
26-Mar-2022 17:58:09.517 정보 [main] org.apache.catalina.core.StandardEngine.startInternal Starting Servlet Engine: Apache Tomcat/8.5.37
26-Mar-2022 17:58:09.643 정보 [localhost-startStop-1] org.apache.catalina.startup.HostConfig.deployWAR Deploying web application archive [D:\B_Util\5.ApacheTomcat\apache-tomcat-8.5.37\webapps\MeetingStatus.war]
26-Mar-2022 17:58:12.307 정보 [localhost-startStop-1] org.apache.jasper.servlet.TldScanner.scanJars At least one JAR was scanned for TLDs yet contained no TLDs. Enable debug logging for this logger for a complete list of JARs that were scanned but no TLDs were found in them. Skipping unneeded JARs during scanning can improve startup time and JSP compilation time.
26-Mar-2022 17:58:14.436 정보 [localhost-startStop-1] org.apache.catalina.startup.HostConfig.deployWAR Deployment of web application archive [D:\B_Util\5.ApacheTomcat\apache-tomcat-8.5.37\webapps\MeetingStatus.war] has finished in [4,793] ms
26-Mar-2022 17:58:14.439 정보 [localhost-startStop-1] org.apache.catalina.startup.HostConfig.deployDirectory Deploying web application directory [D:\B_Util\5.ApacheTomcat\apache-tomcat-8.5.37\webapps\docs]
26-Mar-2022 17:58:14.772 정보 [localhost-startStop-1] org.apache.jasper.servlet.TldScanner.scanJars At least one JAR was scanned for TLDs yet contained no TLDs. Enable debug logging for this logger for a complete list of JARs that were scanned but no TLDs were found in them. Skipping unneeded JARs during scanning can improve startup time and JSP compilation time.
26-Mar-2022 17:58:14.775 정보 [localhost-startStop-1] org.apache.catalina.startup.HostConfig.deployDirectory Deployment of web application directory [D:\B_Util\5.ApacheTomcat\apache-tomcat-8.5.37\webapps\docs] has finished in [337] ms
26-Mar-2022 17:58:14.776 정보 [localhost-startStop-1] org.apache.catalina.startup.HostConfig.deployDirectory Deploying web application directory [D:\B_Util\5.ApacheTomcat\apache-tomcat-8.5.37\webapps\examples]
26-Mar-2022 17:58:15.752 정보 [localhost-startStop-1] org.apache.jasper.servlet.TldScanner.scanJars At least one JAR was scanned for TLDs yet contained no TLDs. Enable debug logging for this logger for a complete list of JARs that were scanned but no TLDs were found in them. Skipping unneeded JARs during scanning can improve startup time and JSP compilation time.
26-Mar-2022 17:58:15.795 정보 [localhost-startStop-1] org.apache.catalina.startup.HostConfig.deployDirectory Deployment of web application directory [D:\B_Util\5.ApacheTomcat\apache-tomcat-8.5.37\webapps\examples] has finished in [1,019] ms
26-Mar-2022 17:58:15.796 정보 [localhost-startStop-1] org.apache.catalina.startup.HostConfig.deployDirectory Deploying web application directory [D:\B_Util\5.ApacheTomcat\apache-tomcat-8.5.37\webapps\first]
26-Mar-2022 17:58:16.112 정보 [localhost-startStop-1] org.apache.jasper.servlet.TldScanner.scanJars At least one JAR was scanned for TLDs yet contained no TLDs. Enable debug logging for this logger for a complete list of JARs that were scanned but no TLDs were found in them. Skipping unneeded JARs during scanning can improve startup time and JSP compilation time.
26-Mar-2022 17:58:16.115 정보 [localhost-startStop-1] org.apache.catalina.startup.HostConfig.deployDirectory Deployment of web application directory [D:\B_Util\5.ApacheTomcat\apache-tomcat-8.5.37\webapps\first] has finished in [319] ms
26-Mar-2022 17:58:16.116 정보 [localhost-startStop-1] org.apache.catalina.startup.HostConfig.deployDirectory Deploying web application directory [D:\B_Util\5.ApacheTomcat\apache-tomcat-8.5.37\webapps\host-manager]
26-Mar-2022 17:58:16.449 정보 [localhost-startStop-1] org.apache.jasper.servlet.TldScanner.scanJars At least one JAR was scanned for TLDs yet contained no TLDs. Enable debug logging for this logger for a complete list of JARs that were scanned but no TLDs were found in them. Skipping unneeded JARs during scanning can improve startup time and JSP compilation time.
26-Mar-2022 17:58:16.453 정보 [localhost-startStop-1] org.apache.catalina.startup.HostConfig.deployDirectory Deployment of web application directory [D:\B_Util\5.ApacheTomcat\apache-tomcat-8.5.37\webapps\host-manager] has finished in [336] ms
26-Mar-2022 17:58:16.453 정보 [localhost-startStop-1] org.apache.catalina.startup.HostConfig.deployDirectory Deploying web application directory [D:\B_Util\5.ApacheTomcat\apache-tomcat-8.5.37\webapps\manager]
26-Mar-2022 17:58:16.720 정보 [localhost-startStop-1] org.apache.jasper.servlet.TldScanner.scanJars At least one JAR was scanned for TLDs yet contained no TLDs. Enable debug logging for this logger for a complete list of JARs that were scanned but no TLDs were found in them. Skipping unneeded JARs during scanning can improve startup time and JSP compilation time.
26-Mar-2022 17:58:16.723 정보 [localhost-startStop-1] org.apache.catalina.startup.HostConfig.deployDirectory Deployment of web application directory [D:\B_Util\5.ApacheTomcat\apache-tomcat-8.5.37\webapps\manager] has finished in [270] ms
26-Mar-2022 17:58:16.723 정보 [localhost-startStop-1] org.apache.catalina.startup.HostConfig.deployDirectory Deploying web application directory [D:\B_Util\5.ApacheTomcat\apache-tomcat-8.5.37\webapps\ROOT]
26-Mar-2022 17:58:17.009 정보 [localhost-startStop-1] org.apache.jasper.servlet.TldScanner.scanJars At least one JAR was scanned for TLDs yet contained no TLDs. Enable debug logging for this logger for a complete list of JARs that were scanned but no TLDs were found in them. Skipping unneeded JARs during scanning can improve startup time and JSP compilation time.
26-Mar-2022 17:58:17.011 정보 [localhost-startStop-1] org.apache.catalina.startup.HostConfig.deployDirectory Deployment of web application directory [D:\B_Util\5.ApacheTomcat\apache-tomcat-8.5.37\webapps\ROOT] has finished in [288] ms
26-Mar-2022 17:58:17.016 정보 [main] org.apache.coyote.AbstractProtocol.start Starting ProtocolHandler ["http-nio-18080"]
26-Mar-2022 17:58:17.025 정보 [main] org.apache.coyote.AbstractProtocol.start Starting ProtocolHandler ["https-openssl-nio-18443"]
26-Mar-2022 17:58:17.028 정보 [main] org.apache.coyote.AbstractProtocol.start Starting ProtocolHandler ["ajp-nio-18009"]
26-Mar-2022 17:58:17.031 정보 [main] org.apache.catalina.startup.Catalina.start Server startup in 7549 ms
