06-Apr-2022 08:13:17.424 경고 [main] org.apache.coyote.http11.Http11Protocol.<init> The HTTP BIO connector has been removed in Tomcat 8.5.x onwards. The HTTP BIO connector configuration has been automatically switched to use the HTTP NIO connector instead.
06-Apr-2022 08:13:17.488 정보 [main] org.apache.catalina.startup.VersionLoggerListener.log Server version:        Apache Tomcat/8.5.37
06-Apr-2022 08:13:17.489 정보 [main] org.apache.catalina.startup.VersionLoggerListener.log Server built:          Dec 12 2018 12:07:02 UTC
06-Apr-2022 08:13:17.489 정보 [main] org.apache.catalina.startup.VersionLoggerListener.log Server number:         8.5.37.0
06-Apr-2022 08:13:17.489 정보 [main] org.apache.catalina.startup.VersionLoggerListener.log OS Name:               Windows 10
06-Apr-2022 08:13:17.489 정보 [main] org.apache.catalina.startup.VersionLoggerListener.log OS Version:            10.0
06-Apr-2022 08:13:17.490 정보 [main] org.apache.catalina.startup.VersionLoggerListener.log Architecture:          amd64
06-Apr-2022 08:13:17.490 정보 [main] org.apache.catalina.startup.VersionLoggerListener.log Java Home:             C:\Program Files\Java\jdk1.8.0_202\jre
06-Apr-2022 08:13:17.490 정보 [main] org.apache.catalina.startup.VersionLoggerListener.log JVM Version:           1.8.0_202-b08
06-Apr-2022 08:13:17.490 정보 [main] org.apache.catalina.startup.VersionLoggerListener.log JVM Vendor:            Oracle Corporation
06-Apr-2022 08:13:17.490 정보 [main] org.apache.catalina.startup.VersionLoggerListener.log CATALINA_BASE:         D:\B_Util\5.ApacheTomcat\apache-tomcat-8.5.37
06-Apr-2022 08:13:17.491 정보 [main] org.apache.catalina.startup.VersionLoggerListener.log CATALINA_HOME:         D:\B_Util\5.ApacheTomcat\apache-tomcat-8.5.37
06-Apr-2022 08:13:17.492 정보 [main] org.apache.catalina.startup.VersionLoggerListener.log Command line argument: -Djava.util.logging.config.file=D:\B_Util\5.ApacheTomcat\apache-tomcat-8.5.37\conf\logging.properties
06-Apr-2022 08:13:17.493 정보 [main] org.apache.catalina.startup.VersionLoggerListener.log Command line argument: -Djava.util.logging.manager=org.apache.juli.ClassLoaderLogManager
06-Apr-2022 08:13:17.493 정보 [main] org.apache.catalina.startup.VersionLoggerListener.log Command line argument: -Djdk.tls.ephemeralDHKeySize=2048
06-Apr-2022 08:13:17.494 정보 [main] org.apache.catalina.startup.VersionLoggerListener.log Command line argument: -Djava.protocol.handler.pkgs=org.apache.catalina.webresources
06-Apr-2022 08:13:17.494 정보 [main] org.apache.catalina.startup.VersionLoggerListener.log Command line argument: -Dignore.endorsed.dirs=
06-Apr-2022 08:13:17.495 정보 [main] org.apache.catalina.startup.VersionLoggerListener.log Command line argument: -Dcatalina.base=D:\B_Util\5.ApacheTomcat\apache-tomcat-8.5.37
06-Apr-2022 08:13:17.496 정보 [main] org.apache.catalina.startup.VersionLoggerListener.log Command line argument: -Dcatalina.home=D:\B_Util\5.ApacheTomcat\apache-tomcat-8.5.37
06-Apr-2022 08:13:17.496 정보 [main] org.apache.catalina.startup.VersionLoggerListener.log Command line argument: -Djava.io.tmpdir=D:\B_Util\5.ApacheTomcat\apache-tomcat-8.5.37\temp
06-Apr-2022 08:13:17.497 정보 [main] org.apache.catalina.core.AprLifecycleListener.lifecycleEvent Loaded APR based Apache Tomcat Native library [1.2.19] using APR version [1.6.5].
06-Apr-2022 08:13:17.497 정보 [main] org.apache.catalina.core.AprLifecycleListener.lifecycleEvent APR capabilities: IPv6 [true], sendfile [true], accept filters [false], random [true].
06-Apr-2022 08:13:17.498 정보 [main] org.apache.catalina.core.AprLifecycleListener.lifecycleEvent APR/OpenSSL configuration: useAprConnector [false], useOpenSSL [true]
06-Apr-2022 08:13:17.514 정보 [main] org.apache.catalina.core.AprLifecycleListener.initializeSSL OpenSSL successfully initialized [OpenSSL 1.1.1a  20 Nov 2018]
06-Apr-2022 08:13:17.752 정보 [main] org.apache.coyote.AbstractProtocol.init Initializing ProtocolHandler ["http-nio-18080"]
06-Apr-2022 08:13:17.914 정보 [main] org.apache.tomcat.util.net.NioSelectorPool.getSharedSelector Using a shared selector for servlet write/read
06-Apr-2022 08:13:17.924 정보 [main] org.apache.coyote.AbstractProtocol.init Initializing ProtocolHandler ["https-openssl-nio-18443"]
06-Apr-2022 08:13:18.302 정보 [main] org.apache.tomcat.util.net.NioSelectorPool.getSharedSelector Using a shared selector for servlet write/read
06-Apr-2022 08:13:18.305 정보 [main] org.apache.coyote.AbstractProtocol.init Initializing ProtocolHandler ["ajp-nio-18009"]
06-Apr-2022 08:13:18.307 정보 [main] org.apache.tomcat.util.net.NioSelectorPool.getSharedSelector Using a shared selector for servlet write/read
06-Apr-2022 08:13:18.307 정보 [main] org.apache.catalina.startup.Catalina.load Initialization processed in 1666 ms
06-Apr-2022 08:13:18.330 정보 [main] org.apache.catalina.core.StandardService.startInternal Starting service [Catalina]
06-Apr-2022 08:13:18.331 정보 [main] org.apache.catalina.core.StandardEngine.startInternal Starting Servlet Engine: Apache Tomcat/8.5.37
06-Apr-2022 08:13:18.420 정보 [localhost-startStop-1] org.apache.catalina.startup.HostConfig.deployWAR Deploying web application archive [D:\B_Util\5.ApacheTomcat\apache-tomcat-8.5.37\webapps\MeetingStatus.war]
06-Apr-2022 08:13:20.750 정보 [localhost-startStop-1] org.apache.jasper.servlet.TldScanner.scanJars At least one JAR was scanned for TLDs yet contained no TLDs. Enable debug logging for this logger for a complete list of JARs that were scanned but no TLDs were found in them. Skipping unneeded JARs during scanning can improve startup time and JSP compilation time.
06-Apr-2022 08:13:22.678 정보 [localhost-startStop-1] org.apache.catalina.startup.HostConfig.deployWAR Deployment of web application archive [D:\B_Util\5.ApacheTomcat\apache-tomcat-8.5.37\webapps\MeetingStatus.war] has finished in [4,257] ms
06-Apr-2022 08:13:22.680 정보 [localhost-startStop-1] org.apache.catalina.startup.HostConfig.deployDirectory Deploying web application directory [D:\B_Util\5.ApacheTomcat\apache-tomcat-8.5.37\webapps\docs]
06-Apr-2022 08:13:22.978 정보 [localhost-startStop-1] org.apache.jasper.servlet.TldScanner.scanJars At least one JAR was scanned for TLDs yet contained no TLDs. Enable debug logging for this logger for a complete list of JARs that were scanned but no TLDs were found in them. Skipping unneeded JARs during scanning can improve startup time and JSP compilation time.
06-Apr-2022 08:13:22.981 정보 [localhost-startStop-1] org.apache.catalina.startup.HostConfig.deployDirectory Deployment of web application directory [D:\B_Util\5.ApacheTomcat\apache-tomcat-8.5.37\webapps\docs] has finished in [301] ms
06-Apr-2022 08:13:22.982 정보 [localhost-startStop-1] org.apache.catalina.startup.HostConfig.deployDirectory Deploying web application directory [D:\B_Util\5.ApacheTomcat\apache-tomcat-8.5.37\webapps\examples]
06-Apr-2022 08:13:23.753 정보 [localhost-startStop-1] org.apache.jasper.servlet.TldScanner.scanJars At least one JAR was scanned for TLDs yet contained no TLDs. Enable debug logging for this logger for a complete list of JARs that were scanned but no TLDs were found in them. Skipping unneeded JARs during scanning can improve startup time and JSP compilation time.
06-Apr-2022 08:13:23.783 정보 [localhost-startStop-1] org.apache.catalina.startup.HostConfig.deployDirectory Deployment of web application directory [D:\B_Util\5.ApacheTomcat\apache-tomcat-8.5.37\webapps\examples] has finished in [801] ms
06-Apr-2022 08:13:23.784 정보 [localhost-startStop-1] org.apache.catalina.startup.HostConfig.deployDirectory Deploying web application directory [D:\B_Util\5.ApacheTomcat\apache-tomcat-8.5.37\webapps\first]
06-Apr-2022 08:13:24.173 정보 [localhost-startStop-1] org.apache.jasper.servlet.TldScanner.scanJars At least one JAR was scanned for TLDs yet contained no TLDs. Enable debug logging for this logger for a complete list of JARs that were scanned but no TLDs were found in them. Skipping unneeded JARs during scanning can improve startup time and JSP compilation time.
06-Apr-2022 08:13:24.175 정보 [localhost-startStop-1] org.apache.catalina.startup.HostConfig.deployDirectory Deployment of web application directory [D:\B_Util\5.ApacheTomcat\apache-tomcat-8.5.37\webapps\first] has finished in [391] ms
06-Apr-2022 08:13:24.176 정보 [localhost-startStop-1] org.apache.catalina.startup.HostConfig.deployDirectory Deploying web application directory [D:\B_Util\5.ApacheTomcat\apache-tomcat-8.5.37\webapps\host-manager]
06-Apr-2022 08:13:24.477 정보 [localhost-startStop-1] org.apache.jasper.servlet.TldScanner.scanJars At least one JAR was scanned for TLDs yet contained no TLDs. Enable debug logging for this logger for a complete list of JARs that were scanned but no TLDs were found in them. Skipping unneeded JARs during scanning can improve startup time and JSP compilation time.
06-Apr-2022 08:13:24.480 정보 [localhost-startStop-1] org.apache.catalina.startup.HostConfig.deployDirectory Deployment of web application directory [D:\B_Util\5.ApacheTomcat\apache-tomcat-8.5.37\webapps\host-manager] has finished in [304] ms
06-Apr-2022 08:13:24.481 정보 [localhost-startStop-1] org.apache.catalina.startup.HostConfig.deployDirectory Deploying web application directory [D:\B_Util\5.ApacheTomcat\apache-tomcat-8.5.37\webapps\manager]
06-Apr-2022 08:13:24.761 정보 [localhost-startStop-1] org.apache.jasper.servlet.TldScanner.scanJars At least one JAR was scanned for TLDs yet contained no TLDs. Enable debug logging for this logger for a complete list of JARs that were scanned but no TLDs were found in them. Skipping unneeded JARs during scanning can improve startup time and JSP compilation time.
06-Apr-2022 08:13:24.764 정보 [localhost-startStop-1] org.apache.catalina.startup.HostConfig.deployDirectory Deployment of web application directory [D:\B_Util\5.ApacheTomcat\apache-tomcat-8.5.37\webapps\manager] has finished in [283] ms
06-Apr-2022 08:13:24.764 정보 [localhost-startStop-1] org.apache.catalina.startup.HostConfig.deployDirectory Deploying web application directory [D:\B_Util\5.ApacheTomcat\apache-tomcat-8.5.37\webapps\ROOT]
06-Apr-2022 08:13:25.041 정보 [localhost-startStop-1] org.apache.jasper.servlet.TldScanner.scanJars At least one JAR was scanned for TLDs yet contained no TLDs. Enable debug logging for this logger for a complete list of JARs that were scanned but no TLDs were found in them. Skipping unneeded JARs during scanning can improve startup time and JSP compilation time.
06-Apr-2022 08:13:25.044 정보 [localhost-startStop-1] org.apache.catalina.startup.HostConfig.deployDirectory Deployment of web application directory [D:\B_Util\5.ApacheTomcat\apache-tomcat-8.5.37\webapps\ROOT] has finished in [280] ms
06-Apr-2022 08:13:25.048 정보 [main] org.apache.coyote.AbstractProtocol.start Starting ProtocolHandler ["http-nio-18080"]
06-Apr-2022 08:13:25.059 정보 [main] org.apache.coyote.AbstractProtocol.start Starting ProtocolHandler ["https-openssl-nio-18443"]
06-Apr-2022 08:13:25.062 정보 [main] org.apache.coyote.AbstractProtocol.start Starting ProtocolHandler ["ajp-nio-18009"]
06-Apr-2022 08:13:25.065 정보 [main] org.apache.catalina.startup.Catalina.start Server startup in 6757 ms
06-Apr-2022 09:25:10.186 경고 [main] org.apache.coyote.http11.Http11Protocol.<init> The HTTP BIO connector has been removed in Tomcat 8.5.x onwards. The HTTP BIO connector configuration has been automatically switched to use the HTTP NIO connector instead.
06-Apr-2022 09:25:10.244 정보 [main] org.apache.catalina.startup.VersionLoggerListener.log Server version:        Apache Tomcat/8.5.37
06-Apr-2022 09:25:10.246 정보 [main] org.apache.catalina.startup.VersionLoggerListener.log Server built:          Dec 12 2018 12:07:02 UTC
06-Apr-2022 09:25:10.246 정보 [main] org.apache.catalina.startup.VersionLoggerListener.log Server number:         8.5.37.0
06-Apr-2022 09:25:10.246 정보 [main] org.apache.catalina.startup.VersionLoggerListener.log OS Name:               Windows 10
06-Apr-2022 09:25:10.247 정보 [main] org.apache.catalina.startup.VersionLoggerListener.log OS Version:            10.0
06-Apr-2022 09:25:10.247 정보 [main] org.apache.catalina.startup.VersionLoggerListener.log Architecture:          amd64
06-Apr-2022 09:25:10.247 정보 [main] org.apache.catalina.startup.VersionLoggerListener.log Java Home:             C:\Program Files\Java\jdk1.8.0_202\jre
06-Apr-2022 09:25:10.247 정보 [main] org.apache.catalina.startup.VersionLoggerListener.log JVM Version:           1.8.0_202-b08
06-Apr-2022 09:25:10.247 정보 [main] org.apache.catalina.startup.VersionLoggerListener.log JVM Vendor:            Oracle Corporation
06-Apr-2022 09:25:10.247 정보 [main] org.apache.catalina.startup.VersionLoggerListener.log CATALINA_BASE:         D:\B_Util\5.ApacheTomcat\apache-tomcat-8.5.37
06-Apr-2022 09:25:10.248 정보 [main] org.apache.catalina.startup.VersionLoggerListener.log CATALINA_HOME:         D:\B_Util\5.ApacheTomcat\apache-tomcat-8.5.37
06-Apr-2022 09:25:10.249 정보 [main] org.apache.catalina.startup.VersionLoggerListener.log Command line argument: -Djava.util.logging.config.file=D:\B_Util\5.ApacheTomcat\apache-tomcat-8.5.37\conf\logging.properties
06-Apr-2022 09:25:10.249 정보 [main] org.apache.catalina.startup.VersionLoggerListener.log Command line argument: -Djava.util.logging.manager=org.apache.juli.ClassLoaderLogManager
06-Apr-2022 09:25:10.250 정보 [main] org.apache.catalina.startup.VersionLoggerListener.log Command line argument: -Djdk.tls.ephemeralDHKeySize=2048
06-Apr-2022 09:25:10.250 정보 [main] org.apache.catalina.startup.VersionLoggerListener.log Command line argument: -Djava.protocol.handler.pkgs=org.apache.catalina.webresources
06-Apr-2022 09:25:10.251 정보 [main] org.apache.catalina.startup.VersionLoggerListener.log Command line argument: -Dignore.endorsed.dirs=
06-Apr-2022 09:25:10.252 정보 [main] org.apache.catalina.startup.VersionLoggerListener.log Command line argument: -Dcatalina.base=D:\B_Util\5.ApacheTomcat\apache-tomcat-8.5.37
06-Apr-2022 09:25:10.252 정보 [main] org.apache.catalina.startup.VersionLoggerListener.log Command line argument: -Dcatalina.home=D:\B_Util\5.ApacheTomcat\apache-tomcat-8.5.37
06-Apr-2022 09:25:10.253 정보 [main] org.apache.catalina.startup.VersionLoggerListener.log Command line argument: -Djava.io.tmpdir=D:\B_Util\5.ApacheTomcat\apache-tomcat-8.5.37\temp
06-Apr-2022 09:25:10.254 정보 [main] org.apache.catalina.core.AprLifecycleListener.lifecycleEvent Loaded APR based Apache Tomcat Native library [1.2.19] using APR version [1.6.5].
06-Apr-2022 09:25:10.255 정보 [main] org.apache.catalina.core.AprLifecycleListener.lifecycleEvent APR capabilities: IPv6 [true], sendfile [true], accept filters [false], random [true].
06-Apr-2022 09:25:10.255 정보 [main] org.apache.catalina.core.AprLifecycleListener.lifecycleEvent APR/OpenSSL configuration: useAprConnector [false], useOpenSSL [true]
06-Apr-2022 09:25:10.268 정보 [main] org.apache.catalina.core.AprLifecycleListener.initializeSSL OpenSSL successfully initialized [OpenSSL 1.1.1a  20 Nov 2018]
06-Apr-2022 09:25:10.475 정보 [main] org.apache.coyote.AbstractProtocol.init Initializing ProtocolHandler ["http-nio-18080"]
06-Apr-2022 09:25:10.634 정보 [main] org.apache.tomcat.util.net.NioSelectorPool.getSharedSelector Using a shared selector for servlet write/read
06-Apr-2022 09:25:10.645 정보 [main] org.apache.coyote.AbstractProtocol.init Initializing ProtocolHandler ["https-openssl-nio-18443"]
06-Apr-2022 09:25:11.028 정보 [main] org.apache.tomcat.util.net.NioSelectorPool.getSharedSelector Using a shared selector for servlet write/read
06-Apr-2022 09:25:11.031 정보 [main] org.apache.coyote.AbstractProtocol.init Initializing ProtocolHandler ["ajp-nio-18009"]
06-Apr-2022 09:25:11.033 정보 [main] org.apache.tomcat.util.net.NioSelectorPool.getSharedSelector Using a shared selector for servlet write/read
06-Apr-2022 09:25:11.035 정보 [main] org.apache.catalina.startup.Catalina.load Initialization processed in 1282 ms
06-Apr-2022 09:25:11.072 정보 [main] org.apache.catalina.core.StandardService.startInternal Starting service [Catalina]
06-Apr-2022 09:25:11.073 정보 [main] org.apache.catalina.core.StandardEngine.startInternal Starting Servlet Engine: Apache Tomcat/8.5.37
06-Apr-2022 09:25:11.182 정보 [localhost-startStop-1] org.apache.catalina.startup.HostConfig.deployWAR Deploying web application archive [D:\B_Util\5.ApacheTomcat\apache-tomcat-8.5.37\webapps\MeetingStatus.war]
06-Apr-2022 09:25:14.029 정보 [localhost-startStop-1] org.apache.jasper.servlet.TldScanner.scanJars At least one JAR was scanned for TLDs yet contained no TLDs. Enable debug logging for this logger for a complete list of JARs that were scanned but no TLDs were found in them. Skipping unneeded JARs during scanning can improve startup time and JSP compilation time.
06-Apr-2022 09:25:16.370 정보 [localhost-startStop-1] org.apache.catalina.startup.HostConfig.deployWAR Deployment of web application archive [D:\B_Util\5.ApacheTomcat\apache-tomcat-8.5.37\webapps\MeetingStatus.war] has finished in [5,188] ms
06-Apr-2022 09:25:16.372 정보 [localhost-startStop-1] org.apache.catalina.startup.HostConfig.deployDirectory Deploying web application directory [D:\B_Util\5.ApacheTomcat\apache-tomcat-8.5.37\webapps\docs]
06-Apr-2022 09:25:16.754 정보 [localhost-startStop-1] org.apache.jasper.servlet.TldScanner.scanJars At least one JAR was scanned for TLDs yet contained no TLDs. Enable debug logging for this logger for a complete list of JARs that were scanned but no TLDs were found in them. Skipping unneeded JARs during scanning can improve startup time and JSP compilation time.
06-Apr-2022 09:25:16.757 정보 [localhost-startStop-1] org.apache.catalina.startup.HostConfig.deployDirectory Deployment of web application directory [D:\B_Util\5.ApacheTomcat\apache-tomcat-8.5.37\webapps\docs] has finished in [385] ms
06-Apr-2022 09:25:16.758 정보 [localhost-startStop-1] org.apache.catalina.startup.HostConfig.deployDirectory Deploying web application directory [D:\B_Util\5.ApacheTomcat\apache-tomcat-8.5.37\webapps\examples]
06-Apr-2022 09:25:17.864 정보 [localhost-startStop-1] org.apache.jasper.servlet.TldScanner.scanJars At least one JAR was scanned for TLDs yet contained no TLDs. Enable debug logging for this logger for a complete list of JARs that were scanned but no TLDs were found in them. Skipping unneeded JARs during scanning can improve startup time and JSP compilation time.
06-Apr-2022 09:25:17.933 정보 [localhost-startStop-1] org.apache.catalina.startup.HostConfig.deployDirectory Deployment of web application directory [D:\B_Util\5.ApacheTomcat\apache-tomcat-8.5.37\webapps\examples] has finished in [1,175] ms
06-Apr-2022 09:25:17.936 정보 [localhost-startStop-1] org.apache.catalina.startup.HostConfig.deployDirectory Deploying web application directory [D:\B_Util\5.ApacheTomcat\apache-tomcat-8.5.37\webapps\first]
06-Apr-2022 09:25:18.321 정보 [localhost-startStop-1] org.apache.jasper.servlet.TldScanner.scanJars At least one JAR was scanned for TLDs yet contained no TLDs. Enable debug logging for this logger for a complete list of JARs that were scanned but no TLDs were found in them. Skipping unneeded JARs during scanning can improve startup time and JSP compilation time.
06-Apr-2022 09:25:18.324 정보 [localhost-startStop-1] org.apache.catalina.startup.HostConfig.deployDirectory Deployment of web application directory [D:\B_Util\5.ApacheTomcat\apache-tomcat-8.5.37\webapps\first] has finished in [388] ms
06-Apr-2022 09:25:18.325 정보 [localhost-startStop-1] org.apache.catalina.startup.HostConfig.deployDirectory Deploying web application directory [D:\B_Util\5.ApacheTomcat\apache-tomcat-8.5.37\webapps\host-manager]
06-Apr-2022 09:25:18.702 정보 [localhost-startStop-1] org.apache.jasper.servlet.TldScanner.scanJars At least one JAR was scanned for TLDs yet contained no TLDs. Enable debug logging for this logger for a complete list of JARs that were scanned but no TLDs were found in them. Skipping unneeded JARs during scanning can improve startup time and JSP compilation time.
06-Apr-2022 09:25:18.706 정보 [localhost-startStop-1] org.apache.catalina.startup.HostConfig.deployDirectory Deployment of web application directory [D:\B_Util\5.ApacheTomcat\apache-tomcat-8.5.37\webapps\host-manager] has finished in [381] ms
06-Apr-2022 09:25:18.707 정보 [localhost-startStop-1] org.apache.catalina.startup.HostConfig.deployDirectory Deploying web application directory [D:\B_Util\5.ApacheTomcat\apache-tomcat-8.5.37\webapps\manager]
06-Apr-2022 09:25:19.040 정보 [localhost-startStop-1] org.apache.jasper.servlet.TldScanner.scanJars At least one JAR was scanned for TLDs yet contained no TLDs. Enable debug logging for this logger for a complete list of JARs that were scanned but no TLDs were found in them. Skipping unneeded JARs during scanning can improve startup time and JSP compilation time.
06-Apr-2022 09:25:19.044 정보 [localhost-startStop-1] org.apache.catalina.startup.HostConfig.deployDirectory Deployment of web application directory [D:\B_Util\5.ApacheTomcat\apache-tomcat-8.5.37\webapps\manager] has finished in [337] ms
06-Apr-2022 09:25:19.045 정보 [localhost-startStop-1] org.apache.catalina.startup.HostConfig.deployDirectory Deploying web application directory [D:\B_Util\5.ApacheTomcat\apache-tomcat-8.5.37\webapps\ROOT]
06-Apr-2022 09:25:19.377 정보 [localhost-startStop-1] org.apache.jasper.servlet.TldScanner.scanJars At least one JAR was scanned for TLDs yet contained no TLDs. Enable debug logging for this logger for a complete list of JARs that were scanned but no TLDs were found in them. Skipping unneeded JARs during scanning can improve startup time and JSP compilation time.
06-Apr-2022 09:25:19.379 정보 [localhost-startStop-1] org.apache.catalina.startup.HostConfig.deployDirectory Deployment of web application directory [D:\B_Util\5.ApacheTomcat\apache-tomcat-8.5.37\webapps\ROOT] has finished in [334] ms
06-Apr-2022 09:25:19.384 정보 [main] org.apache.coyote.AbstractProtocol.start Starting ProtocolHandler ["http-nio-18080"]
06-Apr-2022 09:25:19.395 정보 [main] org.apache.coyote.AbstractProtocol.start Starting ProtocolHandler ["https-openssl-nio-18443"]
06-Apr-2022 09:25:19.399 정보 [main] org.apache.coyote.AbstractProtocol.start Starting ProtocolHandler ["ajp-nio-18009"]
06-Apr-2022 09:25:19.403 정보 [main] org.apache.catalina.startup.Catalina.start Server startup in 8366 ms
06-Apr-2022 10:59:54.415 경고 [main] org.apache.coyote.http11.Http11Protocol.<init> The HTTP BIO connector has been removed in Tomcat 8.5.x onwards. The HTTP BIO connector configuration has been automatically switched to use the HTTP NIO connector instead.
06-Apr-2022 10:59:54.469 정보 [main] org.apache.catalina.startup.VersionLoggerListener.log Server version:        Apache Tomcat/8.5.37
06-Apr-2022 10:59:54.471 정보 [main] org.apache.catalina.startup.VersionLoggerListener.log Server built:          Dec 12 2018 12:07:02 UTC
06-Apr-2022 10:59:54.471 정보 [main] org.apache.catalina.startup.VersionLoggerListener.log Server number:         8.5.37.0
06-Apr-2022 10:59:54.471 정보 [main] org.apache.catalina.startup.VersionLoggerListener.log OS Name:               Windows 10
06-Apr-2022 10:59:54.471 정보 [main] org.apache.catalina.startup.VersionLoggerListener.log OS Version:            10.0
06-Apr-2022 10:59:54.471 정보 [main] org.apache.catalina.startup.VersionLoggerListener.log Architecture:          amd64
06-Apr-2022 10:59:54.472 정보 [main] org.apache.catalina.startup.VersionLoggerListener.log Java Home:             C:\Program Files\Java\jdk1.8.0_202\jre
06-Apr-2022 10:59:54.472 정보 [main] org.apache.catalina.startup.VersionLoggerListener.log JVM Version:           1.8.0_202-b08
06-Apr-2022 10:59:54.472 정보 [main] org.apache.catalina.startup.VersionLoggerListener.log JVM Vendor:            Oracle Corporation
06-Apr-2022 10:59:54.472 정보 [main] org.apache.catalina.startup.VersionLoggerListener.log CATALINA_BASE:         D:\B_Util\5.ApacheTomcat\apache-tomcat-8.5.37
06-Apr-2022 10:59:54.472 정보 [main] org.apache.catalina.startup.VersionLoggerListener.log CATALINA_HOME:         D:\B_Util\5.ApacheTomcat\apache-tomcat-8.5.37
06-Apr-2022 10:59:54.473 정보 [main] org.apache.catalina.startup.VersionLoggerListener.log Command line argument: -Djava.util.logging.config.file=D:\B_Util\5.ApacheTomcat\apache-tomcat-8.5.37\conf\logging.properties
06-Apr-2022 10:59:54.474 정보 [main] org.apache.catalina.startup.VersionLoggerListener.log Command line argument: -Djava.util.logging.manager=org.apache.juli.ClassLoaderLogManager
06-Apr-2022 10:59:54.474 정보 [main] org.apache.catalina.startup.VersionLoggerListener.log Command line argument: -Djdk.tls.ephemeralDHKeySize=2048
06-Apr-2022 10:59:54.475 정보 [main] org.apache.catalina.startup.VersionLoggerListener.log Command line argument: -Djava.protocol.handler.pkgs=org.apache.catalina.webresources
06-Apr-2022 10:59:54.476 정보 [main] org.apache.catalina.startup.VersionLoggerListener.log Command line argument: -Dignore.endorsed.dirs=
06-Apr-2022 10:59:54.476 정보 [main] org.apache.catalina.startup.VersionLoggerListener.log Command line argument: -Dcatalina.base=D:\B_Util\5.ApacheTomcat\apache-tomcat-8.5.37
06-Apr-2022 10:59:54.476 정보 [main] org.apache.catalina.startup.VersionLoggerListener.log Command line argument: -Dcatalina.home=D:\B_Util\5.ApacheTomcat\apache-tomcat-8.5.37
06-Apr-2022 10:59:54.477 정보 [main] org.apache.catalina.startup.VersionLoggerListener.log Command line argument: -Djava.io.tmpdir=D:\B_Util\5.ApacheTomcat\apache-tomcat-8.5.37\temp
06-Apr-2022 10:59:54.477 정보 [main] org.apache.catalina.core.AprLifecycleListener.lifecycleEvent Loaded APR based Apache Tomcat Native library [1.2.19] using APR version [1.6.5].
06-Apr-2022 10:59:54.477 정보 [main] org.apache.catalina.core.AprLifecycleListener.lifecycleEvent APR capabilities: IPv6 [true], sendfile [true], accept filters [false], random [true].
06-Apr-2022 10:59:54.478 정보 [main] org.apache.catalina.core.AprLifecycleListener.lifecycleEvent APR/OpenSSL configuration: useAprConnector [false], useOpenSSL [true]
06-Apr-2022 10:59:54.491 정보 [main] org.apache.catalina.core.AprLifecycleListener.initializeSSL OpenSSL successfully initialized [OpenSSL 1.1.1a  20 Nov 2018]
06-Apr-2022 10:59:54.711 정보 [main] org.apache.coyote.AbstractProtocol.init Initializing ProtocolHandler ["http-nio-18080"]
06-Apr-2022 10:59:54.859 정보 [main] org.apache.tomcat.util.net.NioSelectorPool.getSharedSelector Using a shared selector for servlet write/read
06-Apr-2022 10:59:54.870 정보 [main] org.apache.coyote.AbstractProtocol.init Initializing ProtocolHandler ["https-openssl-nio-18443"]
06-Apr-2022 10:59:55.255 정보 [main] org.apache.tomcat.util.net.NioSelectorPool.getSharedSelector Using a shared selector for servlet write/read
06-Apr-2022 10:59:55.259 정보 [main] org.apache.coyote.AbstractProtocol.init Initializing ProtocolHandler ["ajp-nio-18009"]
06-Apr-2022 10:59:55.261 정보 [main] org.apache.tomcat.util.net.NioSelectorPool.getSharedSelector Using a shared selector for servlet write/read
06-Apr-2022 10:59:55.263 정보 [main] org.apache.catalina.startup.Catalina.load Initialization processed in 1249 ms
06-Apr-2022 10:59:55.332 정보 [main] org.apache.catalina.core.StandardService.startInternal Starting service [Catalina]
06-Apr-2022 10:59:55.333 정보 [main] org.apache.catalina.core.StandardEngine.startInternal Starting Servlet Engine: Apache Tomcat/8.5.37
06-Apr-2022 10:59:55.448 정보 [localhost-startStop-1] org.apache.catalina.startup.HostConfig.deployWAR Deploying web application archive [D:\B_Util\5.ApacheTomcat\apache-tomcat-8.5.37\webapps\MeetingStatus.war]
06-Apr-2022 10:59:59.096 정보 [localhost-startStop-1] org.apache.jasper.servlet.TldScanner.scanJars At least one JAR was scanned for TLDs yet contained no TLDs. Enable debug logging for this logger for a complete list of JARs that were scanned but no TLDs were found in them. Skipping unneeded JARs during scanning can improve startup time and JSP compilation time.
06-Apr-2022 11:00:01.349 정보 [localhost-startStop-1] org.apache.catalina.startup.HostConfig.deployWAR Deployment of web application archive [D:\B_Util\5.ApacheTomcat\apache-tomcat-8.5.37\webapps\MeetingStatus.war] has finished in [5,847] ms
06-Apr-2022 11:00:01.353 정보 [localhost-startStop-1] org.apache.catalina.startup.HostConfig.deployDirectory Deploying web application directory [D:\B_Util\5.ApacheTomcat\apache-tomcat-8.5.37\webapps\docs]
06-Apr-2022 11:00:01.699 정보 [localhost-startStop-1] org.apache.jasper.servlet.TldScanner.scanJars At least one JAR was scanned for TLDs yet contained no TLDs. Enable debug logging for this logger for a complete list of JARs that were scanned but no TLDs were found in them. Skipping unneeded JARs during scanning can improve startup time and JSP compilation time.
06-Apr-2022 11:00:01.701 정보 [localhost-startStop-1] org.apache.catalina.startup.HostConfig.deployDirectory Deployment of web application directory [D:\B_Util\5.ApacheTomcat\apache-tomcat-8.5.37\webapps\docs] has finished in [348] ms
06-Apr-2022 11:00:01.702 정보 [localhost-startStop-1] org.apache.catalina.startup.HostConfig.deployDirectory Deploying web application directory [D:\B_Util\5.ApacheTomcat\apache-tomcat-8.5.37\webapps\examples]
06-Apr-2022 11:00:02.649 정보 [localhost-startStop-1] org.apache.jasper.servlet.TldScanner.scanJars At least one JAR was scanned for TLDs yet contained no TLDs. Enable debug logging for this logger for a complete list of JARs that were scanned but no TLDs were found in them. Skipping unneeded JARs during scanning can improve startup time and JSP compilation time.
06-Apr-2022 11:00:02.696 정보 [localhost-startStop-1] org.apache.catalina.startup.HostConfig.deployDirectory Deployment of web application directory [D:\B_Util\5.ApacheTomcat\apache-tomcat-8.5.37\webapps\examples] has finished in [993] ms
06-Apr-2022 11:00:02.697 정보 [localhost-startStop-1] org.apache.catalina.startup.HostConfig.deployDirectory Deploying web application directory [D:\B_Util\5.ApacheTomcat\apache-tomcat-8.5.37\webapps\first]
06-Apr-2022 11:00:03.027 정보 [localhost-startStop-1] org.apache.jasper.servlet.TldScanner.scanJars At least one JAR was scanned for TLDs yet contained no TLDs. Enable debug logging for this logger for a complete list of JARs that were scanned but no TLDs were found in them. Skipping unneeded JARs during scanning can improve startup time and JSP compilation time.
06-Apr-2022 11:00:03.029 정보 [localhost-startStop-1] org.apache.catalina.startup.HostConfig.deployDirectory Deployment of web application directory [D:\B_Util\5.ApacheTomcat\apache-tomcat-8.5.37\webapps\first] has finished in [332] ms
06-Apr-2022 11:00:03.030 정보 [localhost-startStop-1] org.apache.catalina.startup.HostConfig.deployDirectory Deploying web application directory [D:\B_Util\5.ApacheTomcat\apache-tomcat-8.5.37\webapps\host-manager]
06-Apr-2022 11:00:03.368 정보 [localhost-startStop-1] org.apache.jasper.servlet.TldScanner.scanJars At least one JAR was scanned for TLDs yet contained no TLDs. Enable debug logging for this logger for a complete list of JARs that were scanned but no TLDs were found in them. Skipping unneeded JARs during scanning can improve startup time and JSP compilation time.
06-Apr-2022 11:00:03.372 정보 [localhost-startStop-1] org.apache.catalina.startup.HostConfig.deployDirectory Deployment of web application directory [D:\B_Util\5.ApacheTomcat\apache-tomcat-8.5.37\webapps\host-manager] has finished in [342] ms
06-Apr-2022 11:00:03.373 정보 [localhost-startStop-1] org.apache.catalina.startup.HostConfig.deployDirectory Deploying web application directory [D:\B_Util\5.ApacheTomcat\apache-tomcat-8.5.37\webapps\manager]
06-Apr-2022 11:00:03.684 정보 [localhost-startStop-1] org.apache.jasper.servlet.TldScanner.scanJars At least one JAR was scanned for TLDs yet contained no TLDs. Enable debug logging for this logger for a complete list of JARs that were scanned but no TLDs were found in them. Skipping unneeded JARs during scanning can improve startup time and JSP compilation time.
06-Apr-2022 11:00:03.688 정보 [localhost-startStop-1] org.apache.catalina.startup.HostConfig.deployDirectory Deployment of web application directory [D:\B_Util\5.ApacheTomcat\apache-tomcat-8.5.37\webapps\manager] has finished in [315] ms
06-Apr-2022 11:00:03.689 정보 [localhost-startStop-1] org.apache.catalina.startup.HostConfig.deployDirectory Deploying web application directory [D:\B_Util\5.ApacheTomcat\apache-tomcat-8.5.37\webapps\ROOT]
06-Apr-2022 11:00:03.962 정보 [localhost-startStop-1] org.apache.jasper.servlet.TldScanner.scanJars At least one JAR was scanned for TLDs yet contained no TLDs. Enable debug logging for this logger for a complete list of JARs that were scanned but no TLDs were found in them. Skipping unneeded JARs during scanning can improve startup time and JSP compilation time.
06-Apr-2022 11:00:03.965 정보 [localhost-startStop-1] org.apache.catalina.startup.HostConfig.deployDirectory Deployment of web application directory [D:\B_Util\5.ApacheTomcat\apache-tomcat-8.5.37\webapps\ROOT] has finished in [276] ms
06-Apr-2022 11:00:03.971 정보 [main] org.apache.coyote.AbstractProtocol.start Starting ProtocolHandler ["http-nio-18080"]
06-Apr-2022 11:00:03.979 정보 [main] org.apache.coyote.AbstractProtocol.start Starting ProtocolHandler ["https-openssl-nio-18443"]
06-Apr-2022 11:00:03.983 정보 [main] org.apache.coyote.AbstractProtocol.start Starting ProtocolHandler ["ajp-nio-18009"]
06-Apr-2022 11:00:03.986 정보 [main] org.apache.catalina.startup.Catalina.start Server startup in 8722 ms
06-Apr-2022 12:10:17.493 경고 [main] org.apache.coyote.http11.Http11Protocol.<init> The HTTP BIO connector has been removed in Tomcat 8.5.x onwards. The HTTP BIO connector configuration has been automatically switched to use the HTTP NIO connector instead.
06-Apr-2022 12:10:17.557 정보 [main] org.apache.catalina.startup.VersionLoggerListener.log Server version:        Apache Tomcat/8.5.37
06-Apr-2022 12:10:17.559 정보 [main] org.apache.catalina.startup.VersionLoggerListener.log Server built:          Dec 12 2018 12:07:02 UTC
06-Apr-2022 12:10:17.559 정보 [main] org.apache.catalina.startup.VersionLoggerListener.log Server number:         8.5.37.0
06-Apr-2022 12:10:17.559 정보 [main] org.apache.catalina.startup.VersionLoggerListener.log OS Name:               Windows 10
06-Apr-2022 12:10:17.559 정보 [main] org.apache.catalina.startup.VersionLoggerListener.log OS Version:            10.0
06-Apr-2022 12:10:17.559 정보 [main] org.apache.catalina.startup.VersionLoggerListener.log Architecture:          amd64
06-Apr-2022 12:10:17.560 정보 [main] org.apache.catalina.startup.VersionLoggerListener.log Java Home:             C:\Program Files\Java\jdk1.8.0_202\jre
06-Apr-2022 12:10:17.560 정보 [main] org.apache.catalina.startup.VersionLoggerListener.log JVM Version:           1.8.0_202-b08
06-Apr-2022 12:10:17.560 정보 [main] org.apache.catalina.startup.VersionLoggerListener.log JVM Vendor:            Oracle Corporation
06-Apr-2022 12:10:17.560 정보 [main] org.apache.catalina.startup.VersionLoggerListener.log CATALINA_BASE:         D:\B_Util\5.ApacheTomcat\apache-tomcat-8.5.37
06-Apr-2022 12:10:17.560 정보 [main] org.apache.catalina.startup.VersionLoggerListener.log CATALINA_HOME:         D:\B_Util\5.ApacheTomcat\apache-tomcat-8.5.37
06-Apr-2022 12:10:17.561 정보 [main] org.apache.catalina.startup.VersionLoggerListener.log Command line argument: -Djava.util.logging.config.file=D:\B_Util\5.ApacheTomcat\apache-tomcat-8.5.37\conf\logging.properties
06-Apr-2022 12:10:17.561 정보 [main] org.apache.catalina.startup.VersionLoggerListener.log Command line argument: -Djava.util.logging.manager=org.apache.juli.ClassLoaderLogManager
06-Apr-2022 12:10:17.562 정보 [main] org.apache.catalina.startup.VersionLoggerListener.log Command line argument: -Djdk.tls.ephemeralDHKeySize=2048
06-Apr-2022 12:10:17.563 정보 [main] org.apache.catalina.startup.VersionLoggerListener.log Command line argument: -Djava.protocol.handler.pkgs=org.apache.catalina.webresources
06-Apr-2022 12:10:17.564 정보 [main] org.apache.catalina.startup.VersionLoggerListener.log Command line argument: -Dignore.endorsed.dirs=
06-Apr-2022 12:10:17.564 정보 [main] org.apache.catalina.startup.VersionLoggerListener.log Command line argument: -Dcatalina.base=D:\B_Util\5.ApacheTomcat\apache-tomcat-8.5.37
06-Apr-2022 12:10:17.565 정보 [main] org.apache.catalina.startup.VersionLoggerListener.log Command line argument: -Dcatalina.home=D:\B_Util\5.ApacheTomcat\apache-tomcat-8.5.37
06-Apr-2022 12:10:17.566 정보 [main] org.apache.catalina.startup.VersionLoggerListener.log Command line argument: -Djava.io.tmpdir=D:\B_Util\5.ApacheTomcat\apache-tomcat-8.5.37\temp
06-Apr-2022 12:10:17.566 정보 [main] org.apache.catalina.core.AprLifecycleListener.lifecycleEvent Loaded APR based Apache Tomcat Native library [1.2.19] using APR version [1.6.5].
06-Apr-2022 12:10:17.567 정보 [main] org.apache.catalina.core.AprLifecycleListener.lifecycleEvent APR capabilities: IPv6 [true], sendfile [true], accept filters [false], random [true].
06-Apr-2022 12:10:17.568 정보 [main] org.apache.catalina.core.AprLifecycleListener.lifecycleEvent APR/OpenSSL configuration: useAprConnector [false], useOpenSSL [true]
06-Apr-2022 12:10:17.591 정보 [main] org.apache.catalina.core.AprLifecycleListener.initializeSSL OpenSSL successfully initialized [OpenSSL 1.1.1a  20 Nov 2018]
06-Apr-2022 12:10:17.798 정보 [main] org.apache.coyote.AbstractProtocol.init Initializing ProtocolHandler ["http-nio-18080"]
06-Apr-2022 12:10:17.935 정보 [main] org.apache.tomcat.util.net.NioSelectorPool.getSharedSelector Using a shared selector for servlet write/read
06-Apr-2022 12:10:17.951 정보 [main] org.apache.coyote.AbstractProtocol.init Initializing ProtocolHandler ["https-openssl-nio-18443"]
06-Apr-2022 12:10:18.327 정보 [main] org.apache.tomcat.util.net.NioSelectorPool.getSharedSelector Using a shared selector for servlet write/read
06-Apr-2022 12:10:18.330 정보 [main] org.apache.coyote.AbstractProtocol.init Initializing ProtocolHandler ["ajp-nio-18009"]
06-Apr-2022 12:10:18.333 정보 [main] org.apache.tomcat.util.net.NioSelectorPool.getSharedSelector Using a shared selector for servlet write/read
06-Apr-2022 12:10:18.333 정보 [main] org.apache.catalina.startup.Catalina.load Initialization processed in 1247 ms
06-Apr-2022 12:10:18.363 정보 [main] org.apache.catalina.core.StandardService.startInternal Starting service [Catalina]
06-Apr-2022 12:10:18.364 정보 [main] org.apache.catalina.core.StandardEngine.startInternal Starting Servlet Engine: Apache Tomcat/8.5.37
06-Apr-2022 12:10:18.470 정보 [localhost-startStop-1] org.apache.catalina.startup.HostConfig.deployWAR Deploying web application archive [D:\B_Util\5.ApacheTomcat\apache-tomcat-8.5.37\webapps\MeetingStatus.war]
06-Apr-2022 12:10:21.046 정보 [localhost-startStop-1] org.apache.jasper.servlet.TldScanner.scanJars At least one JAR was scanned for TLDs yet contained no TLDs. Enable debug logging for this logger for a complete list of JARs that were scanned but no TLDs were found in them. Skipping unneeded JARs during scanning can improve startup time and JSP compilation time.
06-Apr-2022 12:10:23.714 정보 [localhost-startStop-1] org.apache.catalina.startup.HostConfig.deployWAR Deployment of web application archive [D:\B_Util\5.ApacheTomcat\apache-tomcat-8.5.37\webapps\MeetingStatus.war] has finished in [5,243] ms
06-Apr-2022 12:10:23.716 정보 [localhost-startStop-1] org.apache.catalina.startup.HostConfig.deployDirectory Deploying web application directory [D:\B_Util\5.ApacheTomcat\apache-tomcat-8.5.37\webapps\docs]
06-Apr-2022 12:10:24.123 정보 [localhost-startStop-1] org.apache.jasper.servlet.TldScanner.scanJars At least one JAR was scanned for TLDs yet contained no TLDs. Enable debug logging for this logger for a complete list of JARs that were scanned but no TLDs were found in them. Skipping unneeded JARs during scanning can improve startup time and JSP compilation time.
06-Apr-2022 12:10:24.127 정보 [localhost-startStop-1] org.apache.catalina.startup.HostConfig.deployDirectory Deployment of web application directory [D:\B_Util\5.ApacheTomcat\apache-tomcat-8.5.37\webapps\docs] has finished in [411] ms
06-Apr-2022 12:10:24.128 정보 [localhost-startStop-1] org.apache.catalina.startup.HostConfig.deployDirectory Deploying web application directory [D:\B_Util\5.ApacheTomcat\apache-tomcat-8.5.37\webapps\examples]
06-Apr-2022 12:10:25.125 정보 [localhost-startStop-1] org.apache.jasper.servlet.TldScanner.scanJars At least one JAR was scanned for TLDs yet contained no TLDs. Enable debug logging for this logger for a complete list of JARs that were scanned but no TLDs were found in them. Skipping unneeded JARs during scanning can improve startup time and JSP compilation time.
06-Apr-2022 12:10:25.169 정보 [localhost-startStop-1] org.apache.catalina.startup.HostConfig.deployDirectory Deployment of web application directory [D:\B_Util\5.ApacheTomcat\apache-tomcat-8.5.37\webapps\examples] has finished in [1,041] ms
06-Apr-2022 12:10:25.170 정보 [localhost-startStop-1] org.apache.catalina.startup.HostConfig.deployDirectory Deploying web application directory [D:\B_Util\5.ApacheTomcat\apache-tomcat-8.5.37\webapps\first]
06-Apr-2022 12:10:25.528 정보 [localhost-startStop-1] org.apache.jasper.servlet.TldScanner.scanJars At least one JAR was scanned for TLDs yet contained no TLDs. Enable debug logging for this logger for a complete list of JARs that were scanned but no TLDs were found in them. Skipping unneeded JARs during scanning can improve startup time and JSP compilation time.
06-Apr-2022 12:10:25.531 정보 [localhost-startStop-1] org.apache.catalina.startup.HostConfig.deployDirectory Deployment of web application directory [D:\B_Util\5.ApacheTomcat\apache-tomcat-8.5.37\webapps\first] has finished in [361] ms
06-Apr-2022 12:10:25.532 정보 [localhost-startStop-1] org.apache.catalina.startup.HostConfig.deployDirectory Deploying web application directory [D:\B_Util\5.ApacheTomcat\apache-tomcat-8.5.37\webapps\host-manager]
06-Apr-2022 12:10:25.910 정보 [localhost-startStop-1] org.apache.jasper.servlet.TldScanner.scanJars At least one JAR was scanned for TLDs yet contained no TLDs. Enable debug logging for this logger for a complete list of JARs that were scanned but no TLDs were found in them. Skipping unneeded JARs during scanning can improve startup time and JSP compilation time.
06-Apr-2022 12:10:25.914 정보 [localhost-startStop-1] org.apache.catalina.startup.HostConfig.deployDirectory Deployment of web application directory [D:\B_Util\5.ApacheTomcat\apache-tomcat-8.5.37\webapps\host-manager] has finished in [383] ms
06-Apr-2022 12:10:25.915 정보 [localhost-startStop-1] org.apache.catalina.startup.HostConfig.deployDirectory Deploying web application directory [D:\B_Util\5.ApacheTomcat\apache-tomcat-8.5.37\webapps\manager]
06-Apr-2022 12:10:26.201 정보 [localhost-startStop-1] org.apache.jasper.servlet.TldScanner.scanJars At least one JAR was scanned for TLDs yet contained no TLDs. Enable debug logging for this logger for a complete list of JARs that were scanned but no TLDs were found in them. Skipping unneeded JARs during scanning can improve startup time and JSP compilation time.
06-Apr-2022 12:10:26.204 정보 [localhost-startStop-1] org.apache.catalina.startup.HostConfig.deployDirectory Deployment of web application directory [D:\B_Util\5.ApacheTomcat\apache-tomcat-8.5.37\webapps\manager] has finished in [288] ms
06-Apr-2022 12:10:26.204 정보 [localhost-startStop-1] org.apache.catalina.startup.HostConfig.deployDirectory Deploying web application directory [D:\B_Util\5.ApacheTomcat\apache-tomcat-8.5.37\webapps\ROOT]
06-Apr-2022 12:10:26.459 정보 [localhost-startStop-1] org.apache.jasper.servlet.TldScanner.scanJars At least one JAR was scanned for TLDs yet contained no TLDs. Enable debug logging for this logger for a complete list of JARs that were scanned but no TLDs were found in them. Skipping unneeded JARs during scanning can improve startup time and JSP compilation time.
06-Apr-2022 12:10:26.462 정보 [localhost-startStop-1] org.apache.catalina.startup.HostConfig.deployDirectory Deployment of web application directory [D:\B_Util\5.ApacheTomcat\apache-tomcat-8.5.37\webapps\ROOT] has finished in [258] ms
06-Apr-2022 12:10:26.466 정보 [main] org.apache.coyote.AbstractProtocol.start Starting ProtocolHandler ["http-nio-18080"]
06-Apr-2022 12:10:26.476 정보 [main] org.apache.coyote.AbstractProtocol.start Starting ProtocolHandler ["https-openssl-nio-18443"]
06-Apr-2022 12:10:26.479 정보 [main] org.apache.coyote.AbstractProtocol.start Starting ProtocolHandler ["ajp-nio-18009"]
06-Apr-2022 12:10:26.482 정보 [main] org.apache.catalina.startup.Catalina.start Server startup in 8147 ms
