18-Nov-2021 10:27:07.546 정보 [localhost-startStop-1] org.apache.catalina.core.ApplicationContext.log ContextListener: contextInitialized()
18-Nov-2021 10:27:07.546 정보 [localhost-startStop-1] org.apache.catalina.core.ApplicationContext.log SessionListener: contextInitialized()
18-Nov-2021 10:27:07.548 정보 [localhost-startStop-1] org.apache.catalina.core.ApplicationContext.log ContextListener: attributeAdded('StockTicker', 'async.Stockticker@4085eab8')
18-Nov-2021 12:08:56.342 심각 [ContainerBackgroundProcessor[StandardEngine[Catalina]]] org.apache.catalina.core.StandardContext.listenerStart Error configuring application listener of class [listeners.ContextListener]
 java.lang.ClassNotFoundException: listeners.ContextListener
	at org.apache.catalina.loader.WebappClassLoaderBase.loadClass(WebappClassLoaderBase.java:1344)
	at org.apache.catalina.loader.WebappClassLoaderBase.loadClass(WebappClassLoaderBase.java:1172)
	at org.apache.catalina.core.DefaultInstanceManager.loadClass(DefaultInstanceManager.java:546)
	at org.apache.catalina.core.DefaultInstanceManager.loadClassMaybePrivileged(DefaultInstanceManager.java:527)
	at org.apache.catalina.core.DefaultInstanceManager.newInstance(DefaultInstanceManager.java:150)
	at org.apache.catalina.core.StandardContext.listenerStart(StandardContext.java:4734)
	at org.apache.catalina.core.StandardContext.startInternal(StandardContext.java:5278)
	at org.apache.catalina.util.LifecycleBase.start(LifecycleBase.java:150)
	at org.apache.catalina.core.StandardContext.reload(StandardContext.java:3859)
	at org.apache.catalina.startup.HostConfig.reload(HostConfig.java:1410)
	at org.apache.catalina.startup.HostConfig.checkResources(HostConfig.java:1383)
	at org.apache.catalina.startup.HostConfig.check(HostConfig.java:1619)
	at org.apache.catalina.startup.HostConfig.lifecycleEvent(HostConfig.java:314)
	at org.apache.catalina.util.LifecycleBase.fireLifecycleEvent(LifecycleBase.java:94)
	at org.apache.catalina.core.ContainerBase.backgroundProcess(ContainerBase.java:1170)
	at org.apache.catalina.core.ContainerBase$ContainerBackgroundProcessor.processChildren(ContainerBase.java:1392)
	at org.apache.catalina.core.ContainerBase$ContainerBackgroundProcessor.processChildren(ContainerBase.java:1396)
	at org.apache.catalina.core.ContainerBase$ContainerBackgroundProcessor.run(ContainerBase.java:1364)
	at java.lang.Thread.run(Thread.java:748)

18-Nov-2021 12:08:56.342 심각 [ContainerBackgroundProcessor[StandardEngine[Catalina]]] org.apache.catalina.core.StandardContext.listenerStart Error configuring application listener of class [listeners.SessionListener]
 java.lang.ClassNotFoundException: listeners.SessionListener
	at org.apache.catalina.loader.WebappClassLoaderBase.loadClass(WebappClassLoaderBase.java:1344)
	at org.apache.catalina.loader.WebappClassLoaderBase.loadClass(WebappClassLoaderBase.java:1172)
	at org.apache.catalina.core.DefaultInstanceManager.loadClass(DefaultInstanceManager.java:546)
	at org.apache.catalina.core.DefaultInstanceManager.loadClassMaybePrivileged(DefaultInstanceManager.java:527)
	at org.apache.catalina.core.DefaultInstanceManager.newInstance(DefaultInstanceManager.java:150)
	at org.apache.catalina.core.StandardContext.listenerStart(StandardContext.java:4734)
	at org.apache.catalina.core.StandardContext.startInternal(StandardContext.java:5278)
	at org.apache.catalina.util.LifecycleBase.start(LifecycleBase.java:150)
	at org.apache.catalina.core.StandardContext.reload(StandardContext.java:3859)
	at org.apache.catalina.startup.HostConfig.reload(HostConfig.java:1410)
	at org.apache.catalina.startup.HostConfig.checkResources(HostConfig.java:1383)
	at org.apache.catalina.startup.HostConfig.check(HostConfig.java:1619)
	at org.apache.catalina.startup.HostConfig.lifecycleEvent(HostConfig.java:314)
	at org.apache.catalina.util.LifecycleBase.fireLifecycleEvent(LifecycleBase.java:94)
	at org.apache.catalina.core.ContainerBase.backgroundProcess(ContainerBase.java:1170)
	at org.apache.catalina.core.ContainerBase$ContainerBackgroundProcessor.processChildren(ContainerBase.java:1392)
	at org.apache.catalina.core.ContainerBase$ContainerBackgroundProcessor.processChildren(ContainerBase.java:1396)
	at org.apache.catalina.core.ContainerBase$ContainerBackgroundProcessor.run(ContainerBase.java:1364)
	at java.lang.Thread.run(Thread.java:748)

18-Nov-2021 12:08:56.342 심각 [ContainerBackgroundProcessor[StandardEngine[Catalina]]] org.apache.catalina.core.StandardContext.listenerStart Error configuring application listener of class [async.AsyncStockContextListener]
 java.lang.ClassNotFoundException: async.AsyncStockContextListener
	at org.apache.catalina.loader.WebappClassLoaderBase.loadClass(WebappClassLoaderBase.java:1344)
	at org.apache.catalina.loader.WebappClassLoaderBase.loadClass(WebappClassLoaderBase.java:1172)
	at org.apache.catalina.core.DefaultInstanceManager.loadClass(DefaultInstanceManager.java:546)
	at org.apache.catalina.core.DefaultInstanceManager.loadClassMaybePrivileged(DefaultInstanceManager.java:527)
	at org.apache.catalina.core.DefaultInstanceManager.newInstance(DefaultInstanceManager.java:150)
	at org.apache.catalina.core.StandardContext.listenerStart(StandardContext.java:4734)
	at org.apache.catalina.core.StandardContext.startInternal(StandardContext.java:5278)
	at org.apache.catalina.util.LifecycleBase.start(LifecycleBase.java:150)
	at org.apache.catalina.core.StandardContext.reload(StandardContext.java:3859)
	at org.apache.catalina.startup.HostConfig.reload(HostConfig.java:1410)
	at org.apache.catalina.startup.HostConfig.checkResources(HostConfig.java:1383)
	at org.apache.catalina.startup.HostConfig.check(HostConfig.java:1619)
	at org.apache.catalina.startup.HostConfig.lifecycleEvent(HostConfig.java:314)
	at org.apache.catalina.util.LifecycleBase.fireLifecycleEvent(LifecycleBase.java:94)
	at org.apache.catalina.core.ContainerBase.backgroundProcess(ContainerBase.java:1170)
	at org.apache.catalina.core.ContainerBase$ContainerBackgroundProcessor.processChildren(ContainerBase.java:1392)
	at org.apache.catalina.core.ContainerBase$ContainerBackgroundProcessor.processChildren(ContainerBase.java:1396)
	at org.apache.catalina.core.ContainerBase$ContainerBackgroundProcessor.run(ContainerBase.java:1364)
	at java.lang.Thread.run(Thread.java:748)

18-Nov-2021 12:08:56.342 심각 [ContainerBackgroundProcessor[StandardEngine[Catalina]]] org.apache.catalina.core.StandardContext.listenerStart Error configuring application listener of class [websocket.drawboard.DrawboardContextListener]
 java.lang.ClassNotFoundException: websocket.drawboard.DrawboardContextListener
	at org.apache.catalina.loader.WebappClassLoaderBase.loadClass(WebappClassLoaderBase.java:1344)
	at org.apache.catalina.loader.WebappClassLoaderBase.loadClass(WebappClassLoaderBase.java:1172)
	at org.apache.catalina.core.DefaultInstanceManager.loadClass(DefaultInstanceManager.java:546)
	at org.apache.catalina.core.DefaultInstanceManager.loadClassMaybePrivileged(DefaultInstanceManager.java:527)
	at org.apache.catalina.core.DefaultInstanceManager.newInstance(DefaultInstanceManager.java:150)
	at org.apache.catalina.core.StandardContext.listenerStart(StandardContext.java:4734)
	at org.apache.catalina.core.StandardContext.startInternal(StandardContext.java:5278)
	at org.apache.catalina.util.LifecycleBase.start(LifecycleBase.java:150)
	at org.apache.catalina.core.StandardContext.reload(StandardContext.java:3859)
	at org.apache.catalina.startup.HostConfig.reload(HostConfig.java:1410)
	at org.apache.catalina.startup.HostConfig.checkResources(HostConfig.java:1383)
	at org.apache.catalina.startup.HostConfig.check(HostConfig.java:1619)
	at org.apache.catalina.startup.HostConfig.lifecycleEvent(HostConfig.java:314)
	at org.apache.catalina.util.LifecycleBase.fireLifecycleEvent(LifecycleBase.java:94)
	at org.apache.catalina.core.ContainerBase.backgroundProcess(ContainerBase.java:1170)
	at org.apache.catalina.core.ContainerBase$ContainerBackgroundProcessor.processChildren(ContainerBase.java:1392)
	at org.apache.catalina.core.ContainerBase$ContainerBackgroundProcessor.processChildren(ContainerBase.java:1396)
	at org.apache.catalina.core.ContainerBase$ContainerBackgroundProcessor.run(ContainerBase.java:1364)
	at java.lang.Thread.run(Thread.java:748)

18-Nov-2021 12:08:56.342 심각 [ContainerBackgroundProcessor[StandardEngine[Catalina]]] org.apache.catalina.core.StandardContext.listenerStart Skipped installing application listeners due to previous error(s)
18-Nov-2021 12:23:34.269 정보 [localhost-startStop-4] org.apache.catalina.core.ApplicationContext.log SessionListener: contextDestroyed()
18-Nov-2021 12:23:34.269 정보 [localhost-startStop-4] org.apache.catalina.core.ApplicationContext.log ContextListener: contextDestroyed()
18-Nov-2021 12:23:50.876 정보 [localhost-startStop-1] org.apache.catalina.core.ApplicationContext.log ContextListener: contextInitialized()
18-Nov-2021 12:23:50.876 정보 [localhost-startStop-1] org.apache.catalina.core.ApplicationContext.log SessionListener: contextInitialized()
18-Nov-2021 12:23:50.876 정보 [localhost-startStop-1] org.apache.catalina.core.ApplicationContext.log ContextListener: attributeAdded('StockTicker', 'async.Stockticker@3796dee6')
18-Nov-2021 12:27:03.205 정보 [localhost-startStop-2] org.apache.catalina.core.ApplicationContext.log SessionListener: contextDestroyed()
18-Nov-2021 12:27:03.205 정보 [localhost-startStop-2] org.apache.catalina.core.ApplicationContext.log ContextListener: contextDestroyed()
18-Nov-2021 12:27:14.416 정보 [localhost-startStop-1] org.apache.catalina.core.ApplicationContext.log ContextListener: contextInitialized()
18-Nov-2021 12:27:14.416 정보 [localhost-startStop-1] org.apache.catalina.core.ApplicationContext.log SessionListener: contextInitialized()
18-Nov-2021 12:27:14.416 정보 [localhost-startStop-1] org.apache.catalina.core.ApplicationContext.log ContextListener: attributeAdded('StockTicker', 'async.Stockticker@4085eab8')
18-Nov-2021 12:34:32.616 정보 [localhost-startStop-2] org.apache.catalina.core.ApplicationContext.log SessionListener: contextDestroyed()
18-Nov-2021 12:34:32.616 정보 [localhost-startStop-2] org.apache.catalina.core.ApplicationContext.log ContextListener: contextDestroyed()
18-Nov-2021 12:34:36.709 정보 [localhost-startStop-1] org.apache.catalina.core.ApplicationContext.log ContextListener: contextInitialized()
18-Nov-2021 12:34:36.709 정보 [localhost-startStop-1] org.apache.catalina.core.ApplicationContext.log SessionListener: contextInitialized()
18-Nov-2021 12:34:36.709 정보 [localhost-startStop-1] org.apache.catalina.core.ApplicationContext.log ContextListener: attributeAdded('StockTicker', 'async.Stockticker@24e2aa7b')
18-Nov-2021 12:52:21.897 정보 [localhost-startStop-2] org.apache.catalina.core.ApplicationContext.log SessionListener: contextDestroyed()
18-Nov-2021 12:52:21.897 정보 [localhost-startStop-2] org.apache.catalina.core.ApplicationContext.log ContextListener: contextDestroyed()
